2025-01-31 14:48:57 [queue.INFO] [yii\db\Connection::open] Opening DB connection: mysql:host=137.184.15.251;dbname=ngrsnrwarf;port=3306 {"memory":805432} 
2025-01-31 14:48:57 [queue.INFO] [yii\web\Session::open] Session started {"memory":1887576} 
2025-01-31 14:48:57 [queue.INFO] [nystudio107\codeeditor\CodeEditor::bootstrap] CodeEditor module bootstrapped {"memory":2170624} 
2025-01-31 14:48:57 [queue.INFO] [nystudio107\seomatic\Seomatic::init] SEOmatic plugin loaded {"memory":2703640} 
2025-01-31 14:48:57 [queue.INFO] [yii\db\Connection::open] Opening DB connection: mysql:host=137.184.15.251;dbname=ngrsnrwarf;port=3306 {"memory":4363840} 
2025-01-31 14:48:57 [queue.INFO] [craft\queue\QueueLogBehavior::beforeExec]  [4612] t9n:["app","Updating search indexes"] (attempt: 1, pid: 3064098) - Started {"memory":4448104} 
2025-01-31 14:48:57 [queue.INFO] [craft\queue\QueueLogBehavior::afterExec]  [4612] t9n:["app","Updating search indexes"] (attempt: 1, pid: 3064098) - Done (time: 0.189s) {"memory":8774368} 
2025-01-31 14:48:57 [queue.INFO] [craft\queue\QueueLogBehavior::beforeExec]  [4613] t9n:["app","Updating search indexes"] (attempt: 1, pid: 3064098) - Started {"memory":8782352} 
2025-01-31 14:48:57 [queue.INFO] [craft\queue\QueueLogBehavior::afterExec]  [4613] t9n:["app","Updating search indexes"] (attempt: 1, pid: 3064098) - Done (time: 0.040s) {"memory":9687120} 
2025-01-31 14:48:57 [queue.INFO] [application] Request context:
$_GET = [
    'p' => 'admin/actions/queue/run'
    'v' => '1738360137502'
]

$_POST = []

$_FILES = []

$_COOKIE = [
    '5a70ea625015277d5c3da65516347700_username' => '32d20cce79116cb039564d6483c9bc0f36b4416433cf9f8bfff49403d4dbced6a:2:{i:0;s:41:\"5a70ea625015277d5c3da65516347700_username\";i:1;s:5:\"admin\";}'
    'Craft-ca7cd53e-1b7c-440e-9daa-a4a7a527e905:sidebar' => 'expanded'
    'Craft-ca7cd53e-1b7c-440e-9daa-a4a7a527e905:sidebar-details' => 'expanded'
    'CraftSessionId' => 'ou835mrocsk7kflpk9q2kllond'
    '5a70ea625015277d5c3da65516347700_identity' => '983cf2d099fd80c643c3cf46a084e75d5d219c1db099e2318aa354ab7d9f538ea:2:{i:0;s:41:\"5a70ea625015277d5c3da65516347700_identity\";i:1;s:159:\"[1,\"[\\\"5zehf6p3D52HktCgCMKnoR2GhMM0M0PiPqWDpHbDxRJtayZ4fRlNXYawLxso33ND1NRiEpy2I_WfYR9a5xr1KaAX-zpsUjHp8rX0\\\",null,\\\"0845b309c7b9b957afd9ecf775a4c21f\\\"]\",3600]\";}'
    'CRAFT_CSRF_TOKEN' => '••••••••••••••••••••••••••••••••••••••••••••••••••••••••••••••••••••••••••••••••••••••••••••••••••••••••••••••••••••••••••••••••••••••••••••••••••••••••••••••••••••••••••••••••••••••••••••••••••••••••••••••••••••••••••••••••••••••••••••••••••••••••••••••••••'
    '__stripe_mid' => '4bf37d55-147d-4c49-8520-8862af82040c9911bb'
]

$_SESSION = [
    'a8242a11a2340b611fb4de7fb5462609__flash' => []
    '__JSCHK_3181' => '679d3326bd2754.17881262'
    '5a70ea625015277d5c3da65516347700__token' => '••••••••••••••••••••••••••••••••••••••••••••••••••••••••••••••••••••••••••••••••••••••••••••••••••••'
    '5a70ea625015277d5c3da65516347700__id' => 1
    '__authKey' => '••••••••••••••••••••••••••••••••••••••••••••••••••••••••••••••••••••••••••••••••••••••••••••••••••••••••••••••••••••••••••••••••••••••••••••••••'
    '5a70ea625015277d5c3da65516347700__expire' => 1738363737
    '__duration' => 3600
    '__elevated_timeout' => 1738356154
    'a8242a11a2340b611fb4de7fb5462609__auth_access' => [
        0 => 'seomaticPreviewAuthorizationKey1093'
        1 => 'previewElement:1093'
        2 => 'manageNestedElements::1093::field:landBlocks'
        3 => 'saveAssets:ebc5822f-5362-4f1c-a6b8-37a17ea08cf0'
        4 => 'seomaticPreviewAuthorizationKey595'
        5 => 'previewElement:595'
        6 => 'seomaticPreviewAuthorizationKey1984'
        7 => 'previewDraft:737'
    ]
]

$_SERVER = [
    'USER' => 'ngrsnrwarf'
    'HOME' => '/home/1321557.cloudwaysapps.com/ngrsnrwarf'
    'SCRIPT_NAME' => '/index.php'
    'REQUEST_URI' => '/index.php?p=admin%2Factions%2Fqueue%2Frun&v=1738360137502'
    'QUERY_STRING' => 'p=admin%2Factions%2Fqueue%2Frun&v=1738360137502'
    'REQUEST_METHOD' => 'POST'
    'SERVER_PROTOCOL' => 'HTTP/1.1'
    'GATEWAY_INTERFACE' => 'CGI/1.1'
    'REMOTE_PORT' => '47772'
    'SCRIPT_FILENAME' => '/home/1321557.cloudwaysapps.com/ngrsnrwarf/public_html/web/index.php'
    'SERVER_ADMIN' => '[no address given]'
    'CONTEXT_DOCUMENT_ROOT' => '/home/1321557.cloudwaysapps.com/ngrsnrwarf/public_html/web/'
    'CONTEXT_PREFIX' => ''
    'REQUEST_SCHEME' => 'http'
    'DOCUMENT_ROOT' => '/home/1321557.cloudwaysapps.com/ngrsnrwarf/public_html/web/'
    'REMOTE_ADDR' => '104.178.255.210'
    'SERVER_PORT' => '80'
    'SERVER_ADDR' => '127.0.0.1'
    'SERVER_NAME' => 'phpstack-1321557-5103849.cloudwaysapps.com'
    'SERVER_SOFTWARE' => 'Apache/2.4.62 (Debian)'
    'SERVER_SIGNATURE' => '<address>Apache/2.4.62 (Debian) Server at phpstack-1321557-5103849.cloudwaysapps.com Port 80</address>
'
    'PATH' => '/usr/local/sbin:/usr/local/bin:/usr/sbin:/usr/bin:/sbin:/bin'
    'HTTP_X_VARNISH' => '1033573'
    'HTTP_X_FORWARDED_FOR' => '104.178.255.210'
    'HTTP_COOKIE' => '5a70ea625015277d5c3da65516347700_username=32d20cce79116cb039564d6483c9bc0f36b4416433cf9f8bfff49403d4dbced6a%3A2%3A%7Bi%3A0%3Bs%3A41%3A%225a70ea625015277d5c3da65516347700_username%22%3Bi%3A1%3Bs%3A5%3A%22admin%22%3B%7D; Craft-ca7cd53e-1b7c-440e-9daa-a4a7a527e905:sidebar=expanded; Craft-ca7cd53e-1b7c-440e-9daa-a4a7a527e905:sidebar-details=expanded; CraftSessionId=ou835mrocsk7kflpk9q2kllond; 5a70ea625015277d5c3da65516347700_identity=983cf2d099fd80c643c3cf46a084e75d5d219c1db099e2318aa354ab7d9f538ea%3A2%3A%7Bi%3A0%3Bs%3A41%3A%225a70ea625015277d5c3da65516347700_identity%22%3Bi%3A1%3Bs%3A159%3A%22%5B1%2C%22%5B%5C%225zehf6p3D52HktCgCMKnoR2GhMM0M0PiPqWDpHbDxRJtayZ4fRlNXYawLxso33ND1NRiEpy2I_WfYR9a5xr1KaAX-zpsUjHp8rX0%5C%22%2Cnull%2C%5C%220845b309c7b9b957afd9ecf775a4c21f%5C%22%5D%22%2C3600%5D%22%3B%7D; CRAFT_CSRF_TOKEN=b98d8eb82abe1802ba239c145fecbe204b9b3d67facfdac8a55313b895a2cf62a%3A2%3A%7Bi%3A0%3Bs%3A16%3A%22CRAFT_CSRF_TOKEN%22%3Bi%3A1%3Bs%3A147%3A%22X2Yz5ta2qlf3YEztzdjEqDBrE0CZ9nRzlr01cDQR%7Ca00e4f9228641044f903312de0737d8b4363ea1aa7d7069d30e5c7749794a8acX2Yz5ta2qlf3YEztzdjEqDBrE0CZ9nRzlr01cDQR%7C1%22%3B%7D; __stripe_mid=4bf37d55-147d-4c49-8520-8862af82040c9911bb'
    'HTTP_PRIORITY' => 'u=1, i'
    'HTTP_ACCEPT_LANGUAGE' => 'en-US,en;q=0.9'
    'HTTP_REFERER' => 'https://phpstack-1321557-5103849.cloudwaysapps.com/admin/entries/land/1093-land-ownership'
    'HTTP_SEC_FETCH_DEST' => 'empty'
    'HTTP_SEC_FETCH_MODE' => 'cors'
    'HTTP_SEC_FETCH_SITE' => 'same-origin'
    'HTTP_ORIGIN' => 'https://phpstack-1321557-5103849.cloudwaysapps.com'
    'HTTP_USER_AGENT' => 'Mozilla/5.0 (Macintosh; Intel Mac OS X 10_15_7) AppleWebKit/537.36 (KHTML, like Gecko) Chrome/131.0.0.0 Safari/537.36'
    'HTTP_ACCEPT' => 'application/json, text/plain, */*'
    'HTTP_X_REGISTERED_ASSET_BUNDLES' => '7b7669ac,22e517a2,aee7f8dc,e505ffd6,6b4d7555,bb2f10a0,e5e48399,815d39ea,fc0bc163,1ccab40d,1e21896b,54698ee0,b842675b,1c3c9add,4b1fd285,d8d08e47,8f00ce04,8768f48b,cf3018d6,e7c1329,15a36a51,841995d6,eccadbb,5bcea07e,be6e4c69'
    'HTTP_X_REQUESTED_WITH' => 'XMLHttpRequest'
    'HTTP_SEC_CH_UA_MOBILE' => '?0'
    'HTTP_SEC_CH_UA' => '\"Google Chrome\";v=\"131\", \"Chromium\";v=\"131\", \"Not_A Brand\";v=\"24\"'
    'HTTP_X_REGISTERED_JS_FILES' => ''
    'HTTP_X_CSRF_TOKEN' => '••••••••••••••••••••••••••••••••••••••••••••••••••••••••••••••••••••••••••••••••••••••••••••••••••••••••••••••••••••••••••••••••••••••••••••••••••••••••••••••••••••••••••••••••••••••••••••••••••••••••••••••••••••••••••••••••••••••••••••••••••••••••••••••••••••••••••••••••••••••••••••••••••••••••••••••••••••••••••••••••••••••••••••••••••••••••••••••••••••••••••••••••••••••••••••••••••••••••'
    'HTTP_SEC_CH_UA_PLATFORM' => '\"macOS\"'
    'CONTENT_LENGTH' => '0'
    'HTTP_X_VERSION' => '81'
    'HTTP_X_APP_USER' => 'ngrsnrwarf'
    'HTTP_X_APPLICATION' => 'phpstack'
    'HTTP_X_FORWARDED_HOST' => 'phpstack-1321557-5103849.cloudwaysapps.com'
    'HTTP_X_FORWARDED_PROTO' => 'https'
    'HTTP_HOST' => 'phpstack-1321557-5103849.cloudwaysapps.com'
    'HTTP_X_REAL_IP' => '104.178.255.210'
    'IMUNIFY360_WEAKPASS_REDIRECT_URL' => 'appsecurity.cloudwaysapps.com/'
    'IMUNIFY360_COMPROMISED_REDIRECT_URL' => 'appsecurity.cloudwaysapps.com/'
    'SCRIPT_URI' => 'http://phpstack-1321557-5103849.cloudwaysapps.com/index.php'
    'SCRIPT_URL' => '/index.php'
    'HTTP_AUTHORIZATION' => ''
    'HTTPS' => 'on'
    'cw_allowed_ip' => '0'
    'UNIQUE_ID' => 'Z51FSfR1NN0VFjYmC5GI2gAADj4'
    'FCGI_ROLE' => 'RESPONDER'
    'PHP_SELF' => '/index.php'
    'REQUEST_TIME_FLOAT' => 1738360137.5722
    'REQUEST_TIME' => 1738360137
    'CRAFT_APP_ID' => 'CraftCMS--2ca79e68-bc75-4adc-80d5-7560ec41478e'
    'CRAFT_ENVIRONMENT' => 'dev'
    'CRAFT_DB_DRIVER' => 'mysql'
    'CRAFT_DB_SERVER' => '137.184.15.251'
    'CRAFT_DB_PORT' => '3306'
    'CRAFT_DB_DATABASE' => 'ngrsnrwarf'
    'CRAFT_DB_USER' => 'ngrsnrwarf'
    'CRAFT_DB_PASSWORD' => '••••••••••'
    'CRAFT_DB_SCHEMA' => ''
    'CRAFT_DB_TABLE_PREFIX' => ''
    'CRAFT_SECURITY_KEY' => '••••••••••••••••••••••••••••••••'
    'CRAFT_DEV_MODE' => 'true'
    'CRAFT_ALLOW_ADMIN_CHANGES' => 'true'
    'CRAFT_DISALLOW_ROBOTS' => 'true'
    'PRIMARY_SITE_URL' => 'https://phpstack-1321557-5103849.cloudwaysapps.com/'
] {"environment":"dev","userId":1} 
2025-01-31 14:49:01 [queue.INFO] [yii\db\Connection::open] Opening DB connection: mysql:host=137.184.15.251;dbname=ngrsnrwarf;port=3306 {"memory":805336} 
2025-01-31 14:49:01 [queue.INFO] [yii\web\Session::open] Session started {"memory":1887480} 
2025-01-31 14:49:01 [queue.INFO] [nystudio107\codeeditor\CodeEditor::bootstrap] CodeEditor module bootstrapped {"memory":2170528} 
2025-01-31 14:49:01 [queue.INFO] [nystudio107\seomatic\Seomatic::init] SEOmatic plugin loaded {"memory":2703280} 
2025-01-31 14:49:01 [queue.INFO] [yii\db\Connection::open] Opening DB connection: mysql:host=137.184.15.251;dbname=ngrsnrwarf;port=3306 {"memory":4363480} 
2025-01-31 14:49:01 [queue.INFO] [craft\queue\QueueLogBehavior::beforeExec]  [4614] t9n:["app","Updating search indexes"] (attempt: 1, pid: 3064128) - Started {"memory":4447744} 
2025-01-31 14:49:01 [queue.INFO] [craft\queue\QueueLogBehavior::afterExec]  [4614] t9n:["app","Updating search indexes"] (attempt: 1, pid: 3064128) - Done (time: 0.159s) {"memory":8757112} 
2025-01-31 14:49:01 [queue.INFO] [craft\queue\QueueLogBehavior::beforeExec]  [4615] t9n:["app","Pruning extra revisions"] (attempt: 1, pid: 3064128) - Started {"memory":8772880} 
2025-01-31 14:49:01 [queue.INFO] [craft\queue\QueueLogBehavior::afterExec]  [4615] t9n:["app","Pruning extra revisions"] (attempt: 1, pid: 3064128) - Done (time: 0.005s) {"memory":8814568} 
2025-01-31 14:49:01 [queue.INFO] [application] Request context:
$_GET = [
    'p' => 'admin/actions/queue/run'
    'v' => '1738360140941'
]

$_POST = []

$_FILES = []

$_COOKIE = [
    '5a70ea625015277d5c3da65516347700_username' => '32d20cce79116cb039564d6483c9bc0f36b4416433cf9f8bfff49403d4dbced6a:2:{i:0;s:41:\"5a70ea625015277d5c3da65516347700_username\";i:1;s:5:\"admin\";}'
    'Craft-ca7cd53e-1b7c-440e-9daa-a4a7a527e905:sidebar' => 'expanded'
    'Craft-ca7cd53e-1b7c-440e-9daa-a4a7a527e905:sidebar-details' => 'expanded'
    'CraftSessionId' => 'ou835mrocsk7kflpk9q2kllond'
    '5a70ea625015277d5c3da65516347700_identity' => '983cf2d099fd80c643c3cf46a084e75d5d219c1db099e2318aa354ab7d9f538ea:2:{i:0;s:41:\"5a70ea625015277d5c3da65516347700_identity\";i:1;s:159:\"[1,\"[\\\"5zehf6p3D52HktCgCMKnoR2GhMM0M0PiPqWDpHbDxRJtayZ4fRlNXYawLxso33ND1NRiEpy2I_WfYR9a5xr1KaAX-zpsUjHp8rX0\\\",null,\\\"0845b309c7b9b957afd9ecf775a4c21f\\\"]\",3600]\";}'
    'CRAFT_CSRF_TOKEN' => '••••••••••••••••••••••••••••••••••••••••••••••••••••••••••••••••••••••••••••••••••••••••••••••••••••••••••••••••••••••••••••••••••••••••••••••••••••••••••••••••••••••••••••••••••••••••••••••••••••••••••••••••••••••••••••••••••••••••••••••••••••••••••••••••••'
    '__stripe_mid' => '4bf37d55-147d-4c49-8520-8862af82040c9911bb'
]

$_SESSION = [
    'a8242a11a2340b611fb4de7fb5462609__flash' => []
    '__JSCHK_3181' => '679d3326bd2754.17881262'
    '5a70ea625015277d5c3da65516347700__token' => '••••••••••••••••••••••••••••••••••••••••••••••••••••••••••••••••••••••••••••••••••••••••••••••••••••'
    '5a70ea625015277d5c3da65516347700__id' => 1
    '__authKey' => '••••••••••••••••••••••••••••••••••••••••••••••••••••••••••••••••••••••••••••••••••••••••••••••••••••••••••••••••••••••••••••••••••••••••••••••••'
    '5a70ea625015277d5c3da65516347700__expire' => 1738363741
    '__duration' => 3600
    '__elevated_timeout' => 1738356154
    'a8242a11a2340b611fb4de7fb5462609__auth_access' => [
        0 => 'seomaticPreviewAuthorizationKey1093'
        1 => 'previewElement:1093'
        2 => 'manageNestedElements::1093::field:landBlocks'
        3 => 'saveAssets:ebc5822f-5362-4f1c-a6b8-37a17ea08cf0'
        4 => 'seomaticPreviewAuthorizationKey595'
        5 => 'previewElement:595'
        6 => 'seomaticPreviewAuthorizationKey1984'
        7 => 'previewDraft:737'
    ]
]

$_SERVER = [
    'USER' => 'ngrsnrwarf'
    'HOME' => '/home/1321557.cloudwaysapps.com/ngrsnrwarf'
    'SCRIPT_NAME' => '/index.php'
    'REQUEST_URI' => '/index.php?p=admin%2Factions%2Fqueue%2Frun&v=1738360140941'
    'QUERY_STRING' => 'p=admin%2Factions%2Fqueue%2Frun&v=1738360140941'
    'REQUEST_METHOD' => 'POST'
    'SERVER_PROTOCOL' => 'HTTP/1.1'
    'GATEWAY_INTERFACE' => 'CGI/1.1'
    'REMOTE_PORT' => '47792'
    'SCRIPT_FILENAME' => '/home/1321557.cloudwaysapps.com/ngrsnrwarf/public_html/web/index.php'
    'SERVER_ADMIN' => '[no address given]'
    'CONTEXT_DOCUMENT_ROOT' => '/home/1321557.cloudwaysapps.com/ngrsnrwarf/public_html/web/'
    'CONTEXT_PREFIX' => ''
    'REQUEST_SCHEME' => 'http'
    'DOCUMENT_ROOT' => '/home/1321557.cloudwaysapps.com/ngrsnrwarf/public_html/web/'
    'REMOTE_ADDR' => '104.178.255.210'
    'SERVER_PORT' => '80'
    'SERVER_ADDR' => '127.0.0.1'
    'SERVER_NAME' => 'phpstack-1321557-5103849.cloudwaysapps.com'
    'SERVER_SOFTWARE' => 'Apache/2.4.62 (Debian)'
    'SERVER_SIGNATURE' => '<address>Apache/2.4.62 (Debian) Server at phpstack-1321557-5103849.cloudwaysapps.com Port 80</address>
'
    'PATH' => '/usr/local/sbin:/usr/local/bin:/usr/sbin:/usr/bin:/sbin:/bin'
    'HTTP_X_VARNISH' => '1033588'
    'HTTP_X_FORWARDED_FOR' => '104.178.255.210'
    'HTTP_COOKIE' => '5a70ea625015277d5c3da65516347700_username=32d20cce79116cb039564d6483c9bc0f36b4416433cf9f8bfff49403d4dbced6a%3A2%3A%7Bi%3A0%3Bs%3A41%3A%225a70ea625015277d5c3da65516347700_username%22%3Bi%3A1%3Bs%3A5%3A%22admin%22%3B%7D; Craft-ca7cd53e-1b7c-440e-9daa-a4a7a527e905:sidebar=expanded; Craft-ca7cd53e-1b7c-440e-9daa-a4a7a527e905:sidebar-details=expanded; CraftSessionId=ou835mrocsk7kflpk9q2kllond; 5a70ea625015277d5c3da65516347700_identity=983cf2d099fd80c643c3cf46a084e75d5d219c1db099e2318aa354ab7d9f538ea%3A2%3A%7Bi%3A0%3Bs%3A41%3A%225a70ea625015277d5c3da65516347700_identity%22%3Bi%3A1%3Bs%3A159%3A%22%5B1%2C%22%5B%5C%225zehf6p3D52HktCgCMKnoR2GhMM0M0PiPqWDpHbDxRJtayZ4fRlNXYawLxso33ND1NRiEpy2I_WfYR9a5xr1KaAX-zpsUjHp8rX0%5C%22%2Cnull%2C%5C%220845b309c7b9b957afd9ecf775a4c21f%5C%22%5D%22%2C3600%5D%22%3B%7D; CRAFT_CSRF_TOKEN=b98d8eb82abe1802ba239c145fecbe204b9b3d67facfdac8a55313b895a2cf62a%3A2%3A%7Bi%3A0%3Bs%3A16%3A%22CRAFT_CSRF_TOKEN%22%3Bi%3A1%3Bs%3A147%3A%22X2Yz5ta2qlf3YEztzdjEqDBrE0CZ9nRzlr01cDQR%7Ca00e4f9228641044f903312de0737d8b4363ea1aa7d7069d30e5c7749794a8acX2Yz5ta2qlf3YEztzdjEqDBrE0CZ9nRzlr01cDQR%7C1%22%3B%7D; __stripe_mid=4bf37d55-147d-4c49-8520-8862af82040c9911bb'
    'HTTP_PRIORITY' => 'u=1, i'
    'HTTP_ACCEPT_LANGUAGE' => 'en-US,en;q=0.9'
    'HTTP_REFERER' => 'https://phpstack-1321557-5103849.cloudwaysapps.com/admin/entries/land?source=section%3A81897eb5-4540-423b-a971-c39c6a8aecd3'
    'HTTP_SEC_FETCH_DEST' => 'empty'
    'HTTP_SEC_FETCH_MODE' => 'cors'
    'HTTP_SEC_FETCH_SITE' => 'same-origin'
    'HTTP_ORIGIN' => 'https://phpstack-1321557-5103849.cloudwaysapps.com'
    'HTTP_USER_AGENT' => 'Mozilla/5.0 (Macintosh; Intel Mac OS X 10_15_7) AppleWebKit/537.36 (KHTML, like Gecko) Chrome/131.0.0.0 Safari/537.36'
    'HTTP_ACCEPT' => 'application/json, text/plain, */*'
    'HTTP_X_REGISTERED_ASSET_BUNDLES' => '22e517a2,aee7f8dc,e505ffd6,6b4d7555,bb2f10a0,e5e48399,815d39ea,fc0bc163,1ccab40d,1e21896b,54698ee0,b842675b,1c3c9add,4b1fd285,d8d08e47,8f00ce04,8768f48b,cf3018d6'
    'HTTP_X_REQUESTED_WITH' => 'XMLHttpRequest'
    'HTTP_SEC_CH_UA_MOBILE' => '?0'
    'HTTP_SEC_CH_UA' => '\"Google Chrome\";v=\"131\", \"Chromium\";v=\"131\", \"Not_A Brand\";v=\"24\"'
    'HTTP_X_REGISTERED_JS_FILES' => ''
    'HTTP_X_CSRF_TOKEN' => '••••••••••••••••••••••••••••••••••••••••••••••••••••••••••••••••••••••••••••••••••••••••••••••••••••••••••••••••••••••••••••••••••••••••••••••••••••••••••••••••••••••••••••••••••••••••••••••••••••••••••••••••••••••••••••••••••••••••••••••••••••••••••••••••••••••••••••••••••••••••••••••••••••••••••••••••••••••••••••••••••••••••••••••••••••••••••••••••••••••••••••••••••••••••••••••••••••••••'
    'HTTP_SEC_CH_UA_PLATFORM' => '\"macOS\"'
    'CONTENT_LENGTH' => '0'
    'HTTP_X_VERSION' => '81'
    'HTTP_X_APP_USER' => 'ngrsnrwarf'
    'HTTP_X_APPLICATION' => 'phpstack'
    'HTTP_X_FORWARDED_HOST' => 'phpstack-1321557-5103849.cloudwaysapps.com'
    'HTTP_X_FORWARDED_PROTO' => 'https'
    'HTTP_HOST' => 'phpstack-1321557-5103849.cloudwaysapps.com'
    'HTTP_X_REAL_IP' => '104.178.255.210'
    'IMUNIFY360_WEAKPASS_REDIRECT_URL' => 'appsecurity.cloudwaysapps.com/'
    'IMUNIFY360_COMPROMISED_REDIRECT_URL' => 'appsecurity.cloudwaysapps.com/'
    'SCRIPT_URI' => 'http://phpstack-1321557-5103849.cloudwaysapps.com/index.php'
    'SCRIPT_URL' => '/index.php'
    'HTTP_AUTHORIZATION' => ''
    'HTTPS' => 'on'
    'cw_allowed_ip' => '0'
    'UNIQUE_ID' => 'Z51FTFowLZ0DhujzySRPkwAAD08'
    'FCGI_ROLE' => 'RESPONDER'
    'PHP_SELF' => '/index.php'
    'REQUEST_TIME_FLOAT' => 1738360141.0219
    'REQUEST_TIME' => 1738360141
    'CRAFT_APP_ID' => 'CraftCMS--2ca79e68-bc75-4adc-80d5-7560ec41478e'
    'CRAFT_ENVIRONMENT' => 'dev'
    'CRAFT_DB_DRIVER' => 'mysql'
    'CRAFT_DB_SERVER' => '137.184.15.251'
    'CRAFT_DB_PORT' => '3306'
    'CRAFT_DB_DATABASE' => 'ngrsnrwarf'
    'CRAFT_DB_USER' => 'ngrsnrwarf'
    'CRAFT_DB_PASSWORD' => '••••••••••'
    'CRAFT_DB_SCHEMA' => ''
    'CRAFT_DB_TABLE_PREFIX' => ''
    'CRAFT_SECURITY_KEY' => '••••••••••••••••••••••••••••••••'
    'CRAFT_DEV_MODE' => 'true'
    'CRAFT_ALLOW_ADMIN_CHANGES' => 'true'
    'CRAFT_DISALLOW_ROBOTS' => 'true'
    'PRIMARY_SITE_URL' => 'https://phpstack-1321557-5103849.cloudwaysapps.com/'
] {"environment":"dev","userId":1} 
