2025-02-05 10:38:42 [queue.INFO] [yii\db\Connection::open] Opening DB connection: mysql:host=137.184.15.251;dbname=ngrsnrwarf;port=3306 {"memory":805704} 
2025-02-05 10:38:42 [queue.INFO] [yii\web\Session::open] Session started {"memory":1962288} 
2025-02-05 10:38:42 [queue.INFO] [nystudio107\codeeditor\CodeEditor::bootstrap] CodeEditor module bootstrapped {"memory":2000808} 
2025-02-05 10:38:42 [queue.INFO] [nystudio107\seomatic\Seomatic::init] SEOmatic plugin loaded {"memory":2604768} 
2025-02-05 10:38:42 [queue.INFO] [yii\db\Connection::open] Opening DB connection: mysql:host=137.184.15.251;dbname=ngrsnrwarf;port=3306 {"memory":3128640} 
2025-02-05 10:38:42 [queue.INFO] [craft\queue\QueueLogBehavior::beforeExec]  [4677] t9n:["app","Updating search indexes"] (attempt: 1, pid: 3986133) - Started {"memory":3187536} 
2025-02-05 10:38:42 [queue.INFO] [craft\queue\QueueLogBehavior::afterExec]  [4677] t9n:["app","Updating search indexes"] (attempt: 1, pid: 3986133) - Done (time: 0.078s) {"memory":4933640} 
2025-02-05 10:38:42 [queue.INFO] [craft\queue\QueueLogBehavior::beforeExec]  [4678] t9n:["app","Updating search indexes"] (attempt: 1, pid: 3986133) - Started {"memory":4941624} 
2025-02-05 10:38:42 [queue.INFO] [craft\queue\QueueLogBehavior::afterExec]  [4678] t9n:["app","Updating search indexes"] (attempt: 1, pid: 3986133) - Done (time: 0.021s) {"memory":5185888} 
2025-02-05 10:38:42 [queue.INFO] [craft\queue\QueueLogBehavior::beforeExec]  [4679] t9n:["app","Pruning extra revisions"] (attempt: 1, pid: 3986133) - Started {"memory":5193872} 
2025-02-05 10:38:42 [queue.INFO] [craft\queue\QueueLogBehavior::afterExec]  [4679] t9n:["app","Pruning extra revisions"] (attempt: 1, pid: 3986133) - Done (time: 0.008s) {"memory":5235992} 
2025-02-05 10:38:42 [queue.INFO] [application] Request context:
$_GET = [
    'p' => 'admin/actions/queue/run'
    'v' => '1738777122091'
]

$_POST = []

$_FILES = []

$_COOKIE = [
    '5a70ea625015277d5c3da65516347700_username' => '32d20cce79116cb039564d6483c9bc0f36b4416433cf9f8bfff49403d4dbced6a:2:{i:0;s:41:\"5a70ea625015277d5c3da65516347700_username\";i:1;s:5:\"admin\";}'
    'Craft-ca7cd53e-1b7c-440e-9daa-a4a7a527e905:sidebar' => 'expanded'
    'Craft-ca7cd53e-1b7c-440e-9daa-a4a7a527e905:sidebar-details' => 'expanded'
    '__stripe_mid' => '4bf37d55-147d-4c49-8520-8862af82040c9911bb'
    'CraftSessionId' => 'dovs3ckctsc18ho29klhhsmq5r'
    '5a70ea625015277d5c3da65516347700_identity' => 'cd6cecd247e67d54152bfd6fc2f21f87cde7777ae866233fc243732db07bff56a:2:{i:0;s:41:\"5a70ea625015277d5c3da65516347700_identity\";i:1;s:159:\"[1,\"[\\\"WeBbc_wp6hcwHMizmPsNHh5QHmHMBvxAwPWaVTogFOTjaId5wWfYopZL7NPXTx22q9_3RfSl5oZZr1APsf720oEXLNjrp-5nUA8S\\\",null,\\\"0845b309c7b9b957afd9ecf775a4c21f\\\"]\",3600]\";}'
    'CRAFT_CSRF_TOKEN' => '••••••••••••••••••••••••••••••••••••••••••••••••••••••••••••••••••••••••••••••••••••••••••••••••••••••••••••••••••••••••••••••••••••••••••••••••••••••••••••••••••••••••••••••••••••••••••••••••••••••••••••••••••••••••••••••••••••••••••••••••••••••••••••••••••'
]

$_SESSION = [
    'a8242a11a2340b611fb4de7fb5462609__flash' => []
    '5a70ea625015277d5c3da65516347700__token' => '••••••••••••••••••••••••••••••••••••••••••••••••••••••••••••••••••••••••••••••••••••••••••••••••••••'
    '5a70ea625015277d5c3da65516347700__id' => 1
    '__authKey' => '••••••••••••••••••••••••••••••••••••••••••••••••••••••••••••••••••••••••••••••••••••••••••••••••••••••••••••••••••••••••••••••••••••••••••••••••'
    '5a70ea625015277d5c3da65516347700__expire' => 1738780722
    '__duration' => 3600
    '__elevated_timeout' => 1738777397
    'a8242a11a2340b611fb4de7fb5462609__auth_access' => [
        0 => 'editStructure:5'
        1 => 'editStructure:15'
        2 => 'seomaticPreviewAuthorizationKey1973'
        3 => 'previewElement:1973'
        4 => 'manageNestedElements::1973::field:address'
        5 => 'manageNestedElements::1973::field:features'
        6 => 'saveAssets:0524ce74-5809-4227-9995-c07e31fcd67f'
        7 => 'saveAssets:ebc5822f-5362-4f1c-a6b8-37a17ea08cf0'
        8 => 'seomaticPreviewAuthorizationKey2012'
        9 => 'previewDraft:750'
    ]
]

$_SERVER = [
    'USER' => 'ngrsnrwarf'
    'HOME' => '/home/1321557.cloudwaysapps.com/ngrsnrwarf'
    'SCRIPT_NAME' => '/index.php'
    'REQUEST_URI' => '/index.php?p=admin%2Factions%2Fqueue%2Frun&v=1738777122091'
    'QUERY_STRING' => 'p=admin%2Factions%2Fqueue%2Frun&v=1738777122091'
    'REQUEST_METHOD' => 'POST'
    'SERVER_PROTOCOL' => 'HTTP/1.1'
    'GATEWAY_INTERFACE' => 'CGI/1.1'
    'REMOTE_PORT' => '42978'
    'SCRIPT_FILENAME' => '/home/1321557.cloudwaysapps.com/ngrsnrwarf/public_html/web/index.php'
    'SERVER_ADMIN' => '[no address given]'
    'CONTEXT_DOCUMENT_ROOT' => '/home/1321557.cloudwaysapps.com/ngrsnrwarf/public_html/web/'
    'CONTEXT_PREFIX' => ''
    'REQUEST_SCHEME' => 'http'
    'DOCUMENT_ROOT' => '/home/1321557.cloudwaysapps.com/ngrsnrwarf/public_html/web/'
    'REMOTE_ADDR' => '104.178.255.210'
    'SERVER_PORT' => '80'
    'SERVER_ADDR' => '127.0.0.1'
    'SERVER_NAME' => 'phpstack-1321557-5103849.cloudwaysapps.com'
    'SERVER_SOFTWARE' => 'Apache/2.4.62 (Debian)'
    'SERVER_SIGNATURE' => '<address>Apache/2.4.62 (Debian) Server at phpstack-1321557-5103849.cloudwaysapps.com Port 80</address>
'
    'PATH' => '/usr/local/sbin:/usr/local/bin:/usr/sbin:/usr/bin:/sbin:/bin'
    'HTTP_X_VARNISH' => '24785'
    'HTTP_X_FORWARDED_FOR' => '104.178.255.210'
    'HTTP_COOKIE' => '5a70ea625015277d5c3da65516347700_username=32d20cce79116cb039564d6483c9bc0f36b4416433cf9f8bfff49403d4dbced6a%3A2%3A%7Bi%3A0%3Bs%3A41%3A%225a70ea625015277d5c3da65516347700_username%22%3Bi%3A1%3Bs%3A5%3A%22admin%22%3B%7D; Craft-ca7cd53e-1b7c-440e-9daa-a4a7a527e905:sidebar=expanded; Craft-ca7cd53e-1b7c-440e-9daa-a4a7a527e905:sidebar-details=expanded; __stripe_mid=4bf37d55-147d-4c49-8520-8862af82040c9911bb; CraftSessionId=dovs3ckctsc18ho29klhhsmq5r; 5a70ea625015277d5c3da65516347700_identity=cd6cecd247e67d54152bfd6fc2f21f87cde7777ae866233fc243732db07bff56a%3A2%3A%7Bi%3A0%3Bs%3A41%3A%225a70ea625015277d5c3da65516347700_identity%22%3Bi%3A1%3Bs%3A159%3A%22%5B1%2C%22%5B%5C%22WeBbc_wp6hcwHMizmPsNHh5QHmHMBvxAwPWaVTogFOTjaId5wWfYopZL7NPXTx22q9_3RfSl5oZZr1APsf720oEXLNjrp-5nUA8S%5C%22%2Cnull%2C%5C%220845b309c7b9b957afd9ecf775a4c21f%5C%22%5D%22%2C3600%5D%22%3B%7D; CRAFT_CSRF_TOKEN=b98d8eb82abe1802ba239c145fecbe204b9b3d67facfdac8a55313b895a2cf62a%3A2%3A%7Bi%3A0%3Bs%3A16%3A%22CRAFT_CSRF_TOKEN%22%3Bi%3A1%3Bs%3A147%3A%22X2Yz5ta2qlf3YEztzdjEqDBrE0CZ9nRzlr01cDQR%7Ca00e4f9228641044f903312de0737d8b4363ea1aa7d7069d30e5c7749794a8acX2Yz5ta2qlf3YEztzdjEqDBrE0CZ9nRzlr01cDQR%7C1%22%3B%7D'
    'HTTP_PRIORITY' => 'u=1, i'
    'HTTP_ACCEPT_LANGUAGE' => 'en-US,en;q=0.9'
    'HTTP_REFERER' => 'https://phpstack-1321557-5103849.cloudwaysapps.com/admin/entries/realEstate?source=section%3A252af2fe-e999-4c7a-beb2-9e62353de467'
    'HTTP_SEC_FETCH_DEST' => 'empty'
    'HTTP_SEC_FETCH_MODE' => 'cors'
    'HTTP_SEC_FETCH_SITE' => 'same-origin'
    'HTTP_ORIGIN' => 'https://phpstack-1321557-5103849.cloudwaysapps.com'
    'HTTP_USER_AGENT' => 'Mozilla/5.0 (Macintosh; Intel Mac OS X 10_15_7) AppleWebKit/537.36 (KHTML, like Gecko) Chrome/131.0.0.0 Safari/537.36'
    'HTTP_ACCEPT' => 'application/json, text/plain, */*'
    'HTTP_X_REGISTERED_ASSET_BUNDLES' => '22e517a2,aee7f8dc,e505ffd6,6b4d7555,bb2f10a0,e5e48399,815d39ea,fc0bc163,1ccab40d,1e21896b,54698ee0,b842675b,1c3c9add,4b1fd285,d8d08e47,8f00ce04,8768f48b,cf3018d6'
    'HTTP_X_REQUESTED_WITH' => 'XMLHttpRequest'
    'HTTP_SEC_CH_UA_MOBILE' => '?0'
    'HTTP_SEC_CH_UA' => '\"Google Chrome\";v=\"131\", \"Chromium\";v=\"131\", \"Not_A Brand\";v=\"24\"'
    'HTTP_X_REGISTERED_JS_FILES' => ''
    'HTTP_X_CSRF_TOKEN' => '••••••••••••••••••••••••••••••••••••••••••••••••••••••••••••••••••••••••••••••••••••••••••••••••••••••••••••••••••••••••••••••••••••••••••••••••••••••••••••••••••••••••••••••••••••••••••••••••••••••••••••••••••••••••••••••••••••••••••••••••••••••••••••••••••••••••••••••••••••••••••••••••••••••••••••••••••••••••••••••••••••••••••••••••••••••••••••••••••••••••••••••••••••••••••••••••••••••••'
    'HTTP_SEC_CH_UA_PLATFORM' => '\"macOS\"'
    'CONTENT_LENGTH' => '0'
    'HTTP_X_VERSION' => '81'
    'HTTP_X_APP_USER' => 'ngrsnrwarf'
    'HTTP_X_APPLICATION' => 'phpstack'
    'HTTP_X_FORWARDED_HOST' => 'phpstack-1321557-5103849.cloudwaysapps.com'
    'HTTP_X_FORWARDED_PROTO' => 'https'
    'HTTP_HOST' => 'phpstack-1321557-5103849.cloudwaysapps.com'
    'HTTP_X_REAL_IP' => '104.178.255.210'
    'IMUNIFY360_WEAKPASS_REDIRECT_URL' => 'appsecurity.cloudwaysapps.com/'
    'IMUNIFY360_COMPROMISED_REDIRECT_URL' => 'appsecurity.cloudwaysapps.com/'
    'SCRIPT_URI' => 'http://phpstack-1321557-5103849.cloudwaysapps.com/index.php'
    'SCRIPT_URL' => '/index.php'
    'HTTP_AUTHORIZATION' => ''
    'HTTPS' => 'on'
    'cw_allowed_ip' => '0'
    'UNIQUE_ID' => 'Z6OiIjDhNm4oY0AKqUcMBQAADoY'
    'FCGI_ROLE' => 'RESPONDER'
    'PHP_SELF' => '/index.php'
    'REQUEST_TIME_FLOAT' => 1738777122.1387
    'REQUEST_TIME' => 1738777122
    'CRAFT_APP_ID' => 'CraftCMS--2ca79e68-bc75-4adc-80d5-7560ec41478e'
    'CRAFT_ENVIRONMENT' => 'dev'
    'CRAFT_DB_DRIVER' => 'mysql'
    'CRAFT_DB_SERVER' => '137.184.15.251'
    'CRAFT_DB_PORT' => '3306'
    'CRAFT_DB_DATABASE' => 'ngrsnrwarf'
    'CRAFT_DB_USER' => 'ngrsnrwarf'
    'CRAFT_DB_PASSWORD' => '••••••••••'
    'CRAFT_DB_SCHEMA' => ''
    'CRAFT_DB_TABLE_PREFIX' => ''
    'CRAFT_SECURITY_KEY' => '••••••••••••••••••••••••••••••••'
    'CRAFT_DEV_MODE' => 'true'
    'CRAFT_ALLOW_ADMIN_CHANGES' => 'true'
    'CRAFT_DISALLOW_ROBOTS' => 'true'
    'PRIMARY_SITE_URL' => 'https://phpstack-1321557-5103849.cloudwaysapps.com/'
] {"environment":"dev","userId":1} 
2025-02-05 13:11:26 [queue.INFO] [yii\db\Connection::open] Opening DB connection: mysql:host=137.184.15.251;dbname=ngrsnrwarf;port=3306 {"memory":805584} 
2025-02-05 13:11:26 [queue.INFO] [yii\web\Session::open] Session started {"memory":1958080} 
2025-02-05 13:11:26 [queue.INFO] [nystudio107\codeeditor\CodeEditor::bootstrap] CodeEditor module bootstrapped {"memory":1998832} 
2025-02-05 13:11:26 [queue.INFO] [nystudio107\seomatic\Seomatic::init] SEOmatic plugin loaded {"memory":2602824} 
2025-02-05 13:11:26 [queue.INFO] [yii\db\Connection::open] Opening DB connection: mysql:host=137.184.15.251;dbname=ngrsnrwarf;port=3306 {"memory":3126696} 
2025-02-05 13:11:26 [queue.INFO] [craft\queue\QueueLogBehavior::beforeExec]  [4680] t9n:["app","Updating search indexes"] (attempt: 1, pid: 4010536) - Started {"memory":3185592} 
2025-02-05 13:11:26 [queue.INFO] [craft\queue\QueueLogBehavior::afterExec]  [4680] t9n:["app","Updating search indexes"] (attempt: 1, pid: 4010536) - Done (time: 0.088s) {"memory":5132152} 
2025-02-05 13:11:26 [queue.INFO] [application] Request context:
$_GET = [
    'p' => 'admin/actions/queue/run'
    'v' => '1738786286231'
]

$_POST = []

$_FILES = []

$_COOKIE = [
    '5a70ea625015277d5c3da65516347700_username' => '32d20cce79116cb039564d6483c9bc0f36b4416433cf9f8bfff49403d4dbced6a:2:{i:0;s:41:\"5a70ea625015277d5c3da65516347700_username\";i:1;s:5:\"admin\";}'
    'Craft-ca7cd53e-1b7c-440e-9daa-a4a7a527e905:sidebar' => 'expanded'
    'Craft-ca7cd53e-1b7c-440e-9daa-a4a7a527e905:sidebar-details' => 'expanded'
    'CraftSessionId' => 'r6uvg33jka3nq0jkvfteh664a8'
    '5a70ea625015277d5c3da65516347700_identity' => '0e2a5573b7e101c336db13b6e7349e8d4f553a006eb71418d32abd3744f25955a:2:{i:0;s:41:\"5a70ea625015277d5c3da65516347700_identity\";i:1;s:159:\"[1,\"[\\\"MOVazOqhEpPx8ZvxabTMb7nK_t_44i12ICqSmL0Bwp-e3z9DGPfAJjZO98yrhJIyVrxWSTjNNrONp6wM1_Tk0vveumadJ0EQ6kfU\\\",null,\\\"41770e408d453f0e18b6cf535e220c84\\\"]\",3600]\";}'
    'CRAFT_CSRF_TOKEN' => '••••••••••••••••••••••••••••••••••••••••••••••••••••••••••••••••••••••••••••••••••••••••••••••••••••••••••••••••••••••••••••••••••••••••••••••••••••••••••••••••••••••••••••••••••••••••••••••••••••••••••••••••••••••••••••••••••••••••••••••••••••••••••••••••••'
]

$_SESSION = [
    'a8242a11a2340b611fb4de7fb5462609__flash' => []
    '5a70ea625015277d5c3da65516347700__token' => '••••••••••••••••••••••••••••••••••••••••••••••••••••••••••••••••••••••••••••••••••••••••••••••••••••'
    '5a70ea625015277d5c3da65516347700__id' => 1
    '__authKey' => '••••••••••••••••••••••••••••••••••••••••••••••••••••••••••••••••••••••••••••••••••••••••••••••••••••••••••••••••••••••••••••••••••••••••••••••••'
    '5a70ea625015277d5c3da65516347700__expire' => 1738789886
    '__duration' => 3600
    '__elevated_timeout' => 1738786337
    'a8242a11a2340b611fb4de7fb5462609__auth_access' => [
        0 => 'editStructure:13'
        1 => 'seomaticPreviewAuthorizationKey595'
        2 => 'previewElement:595'
        3 => 'editStructure:15'
        4 => 'seomaticPreviewAuthorizationKey1973'
        5 => 'previewElement:1973'
        6 => 'manageNestedElements::1973::field:address'
        7 => 'manageNestedElements::1973::field:features'
        8 => 'saveAssets:0524ce74-5809-4227-9995-c07e31fcd67f'
        9 => 'saveAssets:ebc5822f-5362-4f1c-a6b8-37a17ea08cf0'
        10 => 'seomaticPreviewAuthorizationKey2014'
        11 => 'previewDraft:751'
    ]
]

$_SERVER = [
    'USER' => 'ngrsnrwarf'
    'HOME' => '/home/1321557.cloudwaysapps.com/ngrsnrwarf'
    'SCRIPT_NAME' => '/index.php'
    'REQUEST_URI' => '/index.php?p=admin%2Factions%2Fqueue%2Frun&v=1738786286231'
    'QUERY_STRING' => 'p=admin%2Factions%2Fqueue%2Frun&v=1738786286231'
    'REQUEST_METHOD' => 'POST'
    'SERVER_PROTOCOL' => 'HTTP/1.1'
    'GATEWAY_INTERFACE' => 'CGI/1.1'
    'REMOTE_PORT' => '59960'
    'SCRIPT_FILENAME' => '/home/1321557.cloudwaysapps.com/ngrsnrwarf/public_html/web/index.php'
    'SERVER_ADMIN' => '[no address given]'
    'CONTEXT_DOCUMENT_ROOT' => '/home/1321557.cloudwaysapps.com/ngrsnrwarf/public_html/web/'
    'CONTEXT_PREFIX' => ''
    'REQUEST_SCHEME' => 'http'
    'DOCUMENT_ROOT' => '/home/1321557.cloudwaysapps.com/ngrsnrwarf/public_html/web/'
    'REMOTE_ADDR' => '170.249.132.250'
    'SERVER_PORT' => '80'
    'SERVER_ADDR' => '127.0.0.1'
    'SERVER_NAME' => 'phpstack-1321557-5103849.cloudwaysapps.com'
    'SERVER_SOFTWARE' => 'Apache/2.4.62 (Debian)'
    'SERVER_SIGNATURE' => '<address>Apache/2.4.62 (Debian) Server at phpstack-1321557-5103849.cloudwaysapps.com Port 80</address>
'
    'PATH' => '/usr/local/sbin:/usr/local/bin:/usr/sbin:/usr/bin:/sbin:/bin'
    'HTTP_X_VARNISH' => '1094416'
    'HTTP_X_FORWARDED_FOR' => '170.249.132.250'
    'HTTP_COOKIE' => '5a70ea625015277d5c3da65516347700_username=32d20cce79116cb039564d6483c9bc0f36b4416433cf9f8bfff49403d4dbced6a%3A2%3A%7Bi%3A0%3Bs%3A41%3A%225a70ea625015277d5c3da65516347700_username%22%3Bi%3A1%3Bs%3A5%3A%22admin%22%3B%7D; Craft-ca7cd53e-1b7c-440e-9daa-a4a7a527e905:sidebar=expanded; Craft-ca7cd53e-1b7c-440e-9daa-a4a7a527e905:sidebar-details=expanded; CraftSessionId=r6uvg33jka3nq0jkvfteh664a8; 5a70ea625015277d5c3da65516347700_identity=0e2a5573b7e101c336db13b6e7349e8d4f553a006eb71418d32abd3744f25955a%3A2%3A%7Bi%3A0%3Bs%3A41%3A%225a70ea625015277d5c3da65516347700_identity%22%3Bi%3A1%3Bs%3A159%3A%22%5B1%2C%22%5B%5C%22MOVazOqhEpPx8ZvxabTMb7nK_t_44i12ICqSmL0Bwp-e3z9DGPfAJjZO98yrhJIyVrxWSTjNNrONp6wM1_Tk0vveumadJ0EQ6kfU%5C%22%2Cnull%2C%5C%2241770e408d453f0e18b6cf535e220c84%5C%22%5D%22%2C3600%5D%22%3B%7D; CRAFT_CSRF_TOKEN=b0fd3893416c39c59b1e46a69138510c6d85cbc4a7e8d1e63c88868ed82d55daa%3A2%3A%7Bi%3A0%3Bs%3A16%3A%22CRAFT_CSRF_TOKEN%22%3Bi%3A1%3Bs%3A147%3A%22Xy78iamH97GHPM-6lI2SwMOzCC4HXC-ZeIhF7VJn%7Cb48c32551826bfdc2c3d06bc60fb5d3ea04655d9a84da15fc8190df6b7b96205Xy78iamH97GHPM-6lI2SwMOzCC4HXC-ZeIhF7VJn%7C1%22%3B%7D'
    'HTTP_PRIORITY' => 'u=1, i'
    'HTTP_ACCEPT_LANGUAGE' => 'en-US,en;q=0.9'
    'HTTP_REFERER' => 'https://phpstack-1321557-5103849.cloudwaysapps.com/admin/assets?source=volume%3A0524ce74-5809-4227-9995-c07e31fcd67f'
    'HTTP_SEC_FETCH_DEST' => 'empty'
    'HTTP_SEC_FETCH_MODE' => 'cors'
    'HTTP_SEC_FETCH_SITE' => 'same-origin'
    'HTTP_ORIGIN' => 'https://phpstack-1321557-5103849.cloudwaysapps.com'
    'HTTP_USER_AGENT' => 'Mozilla/5.0 (Windows NT 10.0; Win64; x64) AppleWebKit/537.36 (KHTML, like Gecko) Chrome/132.0.0.0 Safari/537.36'
    'HTTP_ACCEPT' => 'application/json, text/plain, */*'
    'HTTP_X_REGISTERED_ASSET_BUNDLES' => 'd8d08e47,1e21896b,815d39ea,e7c1329,22e517a2,aee7f8dc,e505ffd6,6b4d7555,bb2f10a0,e5e48399,fc0bc163,1ccab40d,54698ee0,b842675b,1c3c9add,4b1fd285,8f00ce04,8768f48b,cf3018d6'
    'HTTP_X_REQUESTED_WITH' => 'XMLHttpRequest'
    'HTTP_SEC_CH_UA_MOBILE' => '?0'
    'HTTP_SEC_CH_UA' => '\"Not A(Brand\";v=\"8\", \"Chromium\";v=\"132\", \"Google Chrome\";v=\"132\"'
    'HTTP_X_REGISTERED_JS_FILES' => ''
    'HTTP_X_CSRF_TOKEN' => '••••••••••••••••••••••••••••••••••••••••••••••••••••••••••••••••••••••••••••••••••••••••••••••••••••••••••••••••••••••••••••••••••••••••••••••••••••••••••••••••••••••••••••••••••••••••••••••••••••••••••••••••••••••••••••••••••••••••••••••••••••••••••••••••••••••••••••••••••••••••••••••••••••••••••••••••••••••••••••••••••••••••••••••••••••••••••••••••••••••••••••••••••••••••••••••••••••••••'
    'HTTP_SEC_CH_UA_PLATFORM' => '\"Windows\"'
    'CONTENT_LENGTH' => '0'
    'HTTP_X_VERSION' => '81'
    'HTTP_X_APP_USER' => 'ngrsnrwarf'
    'HTTP_X_APPLICATION' => 'phpstack'
    'HTTP_X_FORWARDED_HOST' => 'phpstack-1321557-5103849.cloudwaysapps.com'
    'HTTP_X_FORWARDED_PROTO' => 'https'
    'HTTP_HOST' => 'phpstack-1321557-5103849.cloudwaysapps.com'
    'HTTP_X_REAL_IP' => '170.249.132.250'
    'IMUNIFY360_WEAKPASS_REDIRECT_URL' => 'appsecurity.cloudwaysapps.com/'
    'IMUNIFY360_COMPROMISED_REDIRECT_URL' => 'appsecurity.cloudwaysapps.com/'
    'SCRIPT_URI' => 'http://phpstack-1321557-5103849.cloudwaysapps.com/index.php'
    'SCRIPT_URL' => '/index.php'
    'HTTP_AUTHORIZATION' => ''
    'HTTPS' => 'on'
    'cw_allowed_ip' => '0'
    'UNIQUE_ID' => 'Z6PF7jDhNm4oY0AKqUcN5gAADhw'
    'FCGI_ROLE' => 'RESPONDER'
    'PHP_SELF' => '/index.php'
    'REQUEST_TIME_FLOAT' => 1738786286.2778
    'REQUEST_TIME' => 1738786286
    'CRAFT_APP_ID' => 'CraftCMS--2ca79e68-bc75-4adc-80d5-7560ec41478e'
    'CRAFT_ENVIRONMENT' => 'dev'
    'CRAFT_DB_DRIVER' => 'mysql'
    'CRAFT_DB_SERVER' => '137.184.15.251'
    'CRAFT_DB_PORT' => '3306'
    'CRAFT_DB_DATABASE' => 'ngrsnrwarf'
    'CRAFT_DB_USER' => 'ngrsnrwarf'
    'CRAFT_DB_PASSWORD' => '••••••••••'
    'CRAFT_DB_SCHEMA' => ''
    'CRAFT_DB_TABLE_PREFIX' => ''
    'CRAFT_SECURITY_KEY' => '••••••••••••••••••••••••••••••••'
    'CRAFT_DEV_MODE' => 'true'
    'CRAFT_ALLOW_ADMIN_CHANGES' => 'true'
    'CRAFT_DISALLOW_ROBOTS' => 'true'
    'PRIMARY_SITE_URL' => 'https://phpstack-1321557-5103849.cloudwaysapps.com/'
] {"environment":"dev","userId":1} 
2025-02-05 13:48:55 [queue.INFO] [yii\db\Connection::open] Opening DB connection: mysql:host=137.184.15.251;dbname=ngrsnrwarf;port=3306 {"memory":805488} 
2025-02-05 13:48:55 [queue.INFO] [yii\web\Session::open] Session started {"memory":1959232} 
2025-02-05 13:48:55 [queue.INFO] [nystudio107\codeeditor\CodeEditor::bootstrap] CodeEditor module bootstrapped {"memory":1999984} 
2025-02-05 13:48:55 [queue.INFO] [nystudio107\seomatic\Seomatic::init] SEOmatic plugin loaded {"memory":2603944} 
2025-02-05 13:48:55 [queue.INFO] [yii\db\Connection::open] Opening DB connection: mysql:host=137.184.15.251;dbname=ngrsnrwarf;port=3306 {"memory":3127816} 
2025-02-05 13:48:55 [queue.INFO] [craft\queue\QueueLogBehavior::beforeExec]  [4681] t9n:["app","Generating image transform"] (attempt: 1, pid: 4015161) - Started {"memory":3191432} 
2025-02-05 13:48:55 [queue.INFO] [craft\queue\QueueLogBehavior::afterExec]  [4681] t9n:["app","Generating image transform"] (attempt: 1, pid: 4015161) - Done (time: 0.001s) {"memory":3198472} 
2025-02-05 13:48:55 [queue.INFO] [craft\queue\QueueLogBehavior::beforeExec]  [4682] t9n:["app","Generating image transform"] (attempt: 1, pid: 4015161) - Started {"memory":3212088} 
2025-02-05 13:48:55 [queue.INFO] [craft\queue\QueueLogBehavior::afterExec]  [4682] t9n:["app","Generating image transform"] (attempt: 1, pid: 4015161) - Done (time: 0.077s) {"memory":4225728} 
2025-02-05 13:48:55 [queue.INFO] [craft\queue\QueueLogBehavior::beforeExec]  [4683] t9n:["app","Updating search indexes"] (attempt: 1, pid: 4015161) - Started {"memory":4234176} 
2025-02-05 13:48:55 [queue.INFO] [craft\queue\QueueLogBehavior::afterExec]  [4683] t9n:["app","Updating search indexes"] (attempt: 1, pid: 4015161) - Done (time: 0.086s) {"memory":6239960} 
2025-02-05 13:48:55 [queue.INFO] [craft\queue\QueueLogBehavior::beforeExec]  [4684] t9n:["app","Updating search indexes"] (attempt: 1, pid: 4015161) - Started {"memory":6248264} 
2025-02-05 13:48:55 [queue.INFO] [craft\queue\QueueLogBehavior::afterExec]  [4684] t9n:["app","Updating search indexes"] (attempt: 1, pid: 4015161) - Done (time: 0.007s) {"memory":6309552} 
2025-02-05 13:48:55 [queue.INFO] [craft\queue\QueueLogBehavior::beforeExec]  [4685] t9n:["app","Updating search indexes"] (attempt: 1, pid: 4015161) - Started {"memory":6317536} 
2025-02-05 13:48:55 [queue.INFO] [craft\queue\QueueLogBehavior::afterExec]  [4685] t9n:["app","Updating search indexes"] (attempt: 1, pid: 4015161) - Done (time: 0.009s) {"memory":6382528} 
2025-02-05 13:48:55 [queue.INFO] [application] Request context:
$_GET = [
    'p' => 'admin/actions/queue/run'
    'v' => '1738788535408'
]

$_POST = []

$_FILES = []

$_COOKIE = [
    '5a70ea625015277d5c3da65516347700_username' => '32d20cce79116cb039564d6483c9bc0f36b4416433cf9f8bfff49403d4dbced6a:2:{i:0;s:41:\"5a70ea625015277d5c3da65516347700_username\";i:1;s:5:\"admin\";}'
    'Craft-ca7cd53e-1b7c-440e-9daa-a4a7a527e905:sidebar' => 'expanded'
    'Craft-ca7cd53e-1b7c-440e-9daa-a4a7a527e905:sidebar-details' => 'expanded'
    'CraftSessionId' => 'r6uvg33jka3nq0jkvfteh664a8'
    '5a70ea625015277d5c3da65516347700_identity' => '0e2a5573b7e101c336db13b6e7349e8d4f553a006eb71418d32abd3744f25955a:2:{i:0;s:41:\"5a70ea625015277d5c3da65516347700_identity\";i:1;s:159:\"[1,\"[\\\"MOVazOqhEpPx8ZvxabTMb7nK_t_44i12ICqSmL0Bwp-e3z9DGPfAJjZO98yrhJIyVrxWSTjNNrONp6wM1_Tk0vveumadJ0EQ6kfU\\\",null,\\\"41770e408d453f0e18b6cf535e220c84\\\"]\",3600]\";}'
    'CRAFT_CSRF_TOKEN' => '••••••••••••••••••••••••••••••••••••••••••••••••••••••••••••••••••••••••••••••••••••••••••••••••••••••••••••••••••••••••••••••••••••••••••••••••••••••••••••••••••••••••••••••••••••••••••••••••••••••••••••••••••••••••••••••••••••••••••••••••••••••••••••••••••'
]

$_SESSION = [
    'a8242a11a2340b611fb4de7fb5462609__flash' => []
    '5a70ea625015277d5c3da65516347700__token' => '••••••••••••••••••••••••••••••••••••••••••••••••••••••••••••••••••••••••••••••••••••••••••••••••••••'
    '5a70ea625015277d5c3da65516347700__id' => 1
    '__authKey' => '••••••••••••••••••••••••••••••••••••••••••••••••••••••••••••••••••••••••••••••••••••••••••••••••••••••••••••••••••••••••••••••••••••••••••••••••'
    '5a70ea625015277d5c3da65516347700__expire' => 1738792135
    '__duration' => 3600
    '__elevated_timeout' => 1738786337
    'a8242a11a2340b611fb4de7fb5462609__auth_access' => [
        0 => 'editStructure:13'
        1 => 'seomaticPreviewAuthorizationKey595'
        2 => 'previewElement:595'
        3 => 'editStructure:15'
        4 => 'seomaticPreviewAuthorizationKey1973'
        5 => 'previewElement:1973'
        6 => 'manageNestedElements::1973::field:address'
        7 => 'manageNestedElements::1973::field:features'
        8 => 'saveAssets:0524ce74-5809-4227-9995-c07e31fcd67f'
        9 => 'saveAssets:ebc5822f-5362-4f1c-a6b8-37a17ea08cf0'
        10 => 'seomaticPreviewAuthorizationKey2014'
        11 => 'previewDraft:751'
        12 => 'seomaticPreviewAuthorizationKey1093'
        13 => 'previewElement:1093'
        14 => 'manageNestedElements::1093::field:landBlocks'
        15 => 'previewDraft:752'
        16 => 'seomaticPreviewAuthorizationKey2016'
        17 => 'previewDraft:753'
    ]
]

$_SERVER = [
    'USER' => 'ngrsnrwarf'
    'HOME' => '/home/1321557.cloudwaysapps.com/ngrsnrwarf'
    'SCRIPT_NAME' => '/index.php'
    'REQUEST_URI' => '/index.php?p=admin%2Factions%2Fqueue%2Frun&v=1738788535408'
    'QUERY_STRING' => 'p=admin%2Factions%2Fqueue%2Frun&v=1738788535408'
    'REQUEST_METHOD' => 'POST'
    'SERVER_PROTOCOL' => 'HTTP/1.1'
    'GATEWAY_INTERFACE' => 'CGI/1.1'
    'REMOTE_PORT' => '28092'
    'SCRIPT_FILENAME' => '/home/1321557.cloudwaysapps.com/ngrsnrwarf/public_html/web/index.php'
    'SERVER_ADMIN' => '[no address given]'
    'CONTEXT_DOCUMENT_ROOT' => '/home/1321557.cloudwaysapps.com/ngrsnrwarf/public_html/web/'
    'CONTEXT_PREFIX' => ''
    'REQUEST_SCHEME' => 'http'
    'DOCUMENT_ROOT' => '/home/1321557.cloudwaysapps.com/ngrsnrwarf/public_html/web/'
    'REMOTE_ADDR' => '170.249.132.250'
    'SERVER_PORT' => '80'
    'SERVER_ADDR' => '127.0.0.1'
    'SERVER_NAME' => 'phpstack-1321557-5103849.cloudwaysapps.com'
    'SERVER_SOFTWARE' => 'Apache/2.4.62 (Debian)'
    'SERVER_SIGNATURE' => '<address>Apache/2.4.62 (Debian) Server at phpstack-1321557-5103849.cloudwaysapps.com Port 80</address>
'
    'PATH' => '/usr/local/sbin:/usr/local/bin:/usr/sbin:/usr/bin:/sbin:/bin'
    'HTTP_X_VARNISH' => '1118160'
    'HTTP_X_FORWARDED_FOR' => '170.249.132.250'
    'HTTP_COOKIE' => '5a70ea625015277d5c3da65516347700_username=32d20cce79116cb039564d6483c9bc0f36b4416433cf9f8bfff49403d4dbced6a%3A2%3A%7Bi%3A0%3Bs%3A41%3A%225a70ea625015277d5c3da65516347700_username%22%3Bi%3A1%3Bs%3A5%3A%22admin%22%3B%7D; Craft-ca7cd53e-1b7c-440e-9daa-a4a7a527e905:sidebar=expanded; Craft-ca7cd53e-1b7c-440e-9daa-a4a7a527e905:sidebar-details=expanded; CraftSessionId=r6uvg33jka3nq0jkvfteh664a8; 5a70ea625015277d5c3da65516347700_identity=0e2a5573b7e101c336db13b6e7349e8d4f553a006eb71418d32abd3744f25955a%3A2%3A%7Bi%3A0%3Bs%3A41%3A%225a70ea625015277d5c3da65516347700_identity%22%3Bi%3A1%3Bs%3A159%3A%22%5B1%2C%22%5B%5C%22MOVazOqhEpPx8ZvxabTMb7nK_t_44i12ICqSmL0Bwp-e3z9DGPfAJjZO98yrhJIyVrxWSTjNNrONp6wM1_Tk0vveumadJ0EQ6kfU%5C%22%2Cnull%2C%5C%2241770e408d453f0e18b6cf535e220c84%5C%22%5D%22%2C3600%5D%22%3B%7D; CRAFT_CSRF_TOKEN=b0fd3893416c39c59b1e46a69138510c6d85cbc4a7e8d1e63c88868ed82d55daa%3A2%3A%7Bi%3A0%3Bs%3A16%3A%22CRAFT_CSRF_TOKEN%22%3Bi%3A1%3Bs%3A147%3A%22Xy78iamH97GHPM-6lI2SwMOzCC4HXC-ZeIhF7VJn%7Cb48c32551826bfdc2c3d06bc60fb5d3ea04655d9a84da15fc8190df6b7b96205Xy78iamH97GHPM-6lI2SwMOzCC4HXC-ZeIhF7VJn%7C1%22%3B%7D'
    'HTTP_PRIORITY' => 'u=1, i'
    'HTTP_ACCEPT_LANGUAGE' => 'en-US,en;q=0.9'
    'HTTP_REFERER' => 'https://phpstack-1321557-5103849.cloudwaysapps.com/admin/entries/land?source=section%3A81897eb5-4540-423b-a971-c39c6a8aecd3'
    'HTTP_SEC_FETCH_DEST' => 'empty'
    'HTTP_SEC_FETCH_MODE' => 'cors'
    'HTTP_SEC_FETCH_SITE' => 'same-origin'
    'HTTP_ORIGIN' => 'https://phpstack-1321557-5103849.cloudwaysapps.com'
    'HTTP_USER_AGENT' => 'Mozilla/5.0 (Windows NT 10.0; Win64; x64) AppleWebKit/537.36 (KHTML, like Gecko) Chrome/132.0.0.0 Safari/537.36'
    'HTTP_ACCEPT' => 'application/json, text/plain, */*'
    'HTTP_X_REGISTERED_ASSET_BUNDLES' => '22e517a2,aee7f8dc,e505ffd6,6b4d7555,bb2f10a0,e5e48399,815d39ea,fc0bc163,1ccab40d,1e21896b,54698ee0,b842675b,1c3c9add,4b1fd285,d8d08e47,8f00ce04,8768f48b,cf3018d6'
    'HTTP_X_REQUESTED_WITH' => 'XMLHttpRequest'
    'HTTP_SEC_CH_UA_MOBILE' => '?0'
    'HTTP_SEC_CH_UA' => '\"Not A(Brand\";v=\"8\", \"Chromium\";v=\"132\", \"Google Chrome\";v=\"132\"'
    'HTTP_X_REGISTERED_JS_FILES' => ''
    'HTTP_X_CSRF_TOKEN' => '••••••••••••••••••••••••••••••••••••••••••••••••••••••••••••••••••••••••••••••••••••••••••••••••••••••••••••••••••••••••••••••••••••••••••••••••••••••••••••••••••••••••••••••••••••••••••••••••••••••••••••••••••••••••••••••••••••••••••••••••••••••••••••••••••••••••••••••••••••••••••••••••••••••••••••••••••••••••••••••••••••••••••••••••••••••••••••••••••••••••••••••••••••••••••••••••••••••••'
    'HTTP_SEC_CH_UA_PLATFORM' => '\"Windows\"'
    'CONTENT_LENGTH' => '0'
    'HTTP_X_VERSION' => '81'
    'HTTP_X_APP_USER' => 'ngrsnrwarf'
    'HTTP_X_APPLICATION' => 'phpstack'
    'HTTP_X_FORWARDED_HOST' => 'phpstack-1321557-5103849.cloudwaysapps.com'
    'HTTP_X_FORWARDED_PROTO' => 'https'
    'HTTP_HOST' => 'phpstack-1321557-5103849.cloudwaysapps.com'
    'HTTP_X_REAL_IP' => '170.249.132.250'
    'IMUNIFY360_WEAKPASS_REDIRECT_URL' => 'appsecurity.cloudwaysapps.com/'
    'IMUNIFY360_COMPROMISED_REDIRECT_URL' => 'appsecurity.cloudwaysapps.com/'
    'SCRIPT_URI' => 'http://phpstack-1321557-5103849.cloudwaysapps.com/index.php'
    'SCRIPT_URL' => '/index.php'
    'HTTP_AUTHORIZATION' => ''
    'HTTPS' => 'on'
    'cw_allowed_ip' => '0'
    'UNIQUE_ID' => 'Z6POtzDhNm4oY0AKqUcOaAAADno'
    'FCGI_ROLE' => 'RESPONDER'
    'PHP_SELF' => '/index.php'
    'REQUEST_TIME_FLOAT' => 1738788535.6246
    'REQUEST_TIME' => 1738788535
    'CRAFT_APP_ID' => 'CraftCMS--2ca79e68-bc75-4adc-80d5-7560ec41478e'
    'CRAFT_ENVIRONMENT' => 'dev'
    'CRAFT_DB_DRIVER' => 'mysql'
    'CRAFT_DB_SERVER' => '137.184.15.251'
    'CRAFT_DB_PORT' => '3306'
    'CRAFT_DB_DATABASE' => 'ngrsnrwarf'
    'CRAFT_DB_USER' => 'ngrsnrwarf'
    'CRAFT_DB_PASSWORD' => '••••••••••'
    'CRAFT_DB_SCHEMA' => ''
    'CRAFT_DB_TABLE_PREFIX' => ''
    'CRAFT_SECURITY_KEY' => '••••••••••••••••••••••••••••••••'
    'CRAFT_DEV_MODE' => 'true'
    'CRAFT_ALLOW_ADMIN_CHANGES' => 'true'
    'CRAFT_DISALLOW_ROBOTS' => 'true'
    'PRIMARY_SITE_URL' => 'https://phpstack-1321557-5103849.cloudwaysapps.com/'
] {"environment":"dev","userId":1} 
2025-02-05 13:56:37 [queue.INFO] [yii\db\Connection::open] Opening DB connection: mysql:host=137.184.15.251;dbname=ngrsnrwarf;port=3306 {"memory":805584} 
2025-02-05 13:56:37 [queue.INFO] [yii\web\Session::open] Session started {"memory":1960240} 
2025-02-05 13:56:37 [queue.INFO] [nystudio107\codeeditor\CodeEditor::bootstrap] CodeEditor module bootstrapped {"memory":2000992} 
2025-02-05 13:56:37 [queue.INFO] [nystudio107\seomatic\Seomatic::init] SEOmatic plugin loaded {"memory":2605216} 
2025-02-05 13:56:37 [queue.INFO] [yii\db\Connection::open] Opening DB connection: mysql:host=137.184.15.251;dbname=ngrsnrwarf;port=3306 {"memory":3129088} 
2025-02-05 13:56:37 [queue.INFO] [craft\queue\QueueLogBehavior::beforeExec]  [4686] t9n:["app","Updating search indexes"] (attempt: 1, pid: 4016500) - Started {"memory":3187984} 
2025-02-05 13:56:37 [queue.INFO] [craft\queue\QueueLogBehavior::afterExec]  [4686] t9n:["app","Updating search indexes"] (attempt: 1, pid: 4016500) - Done (time: 0.063s) {"memory":5135096} 
2025-02-05 13:56:37 [queue.INFO] [craft\queue\QueueLogBehavior::beforeExec]  [4687] t9n:["app","Updating search indexes"] (attempt: 1, pid: 4016500) - Started {"memory":5143080} 
2025-02-05 13:56:37 [queue.INFO] [craft\queue\QueueLogBehavior::afterExec]  [4687] t9n:["app","Updating search indexes"] (attempt: 1, pid: 4016500) - Done (time: 0.018s) {"memory":5283128} 
2025-02-05 13:56:37 [queue.INFO] [application] Request context:
$_GET = [
    'p' => 'admin/actions/queue/run'
    'v' => '1738788996930'
]

$_POST = []

$_FILES = []

$_COOKIE = [
    '5a70ea625015277d5c3da65516347700_username' => '32d20cce79116cb039564d6483c9bc0f36b4416433cf9f8bfff49403d4dbced6a:2:{i:0;s:41:\"5a70ea625015277d5c3da65516347700_username\";i:1;s:5:\"admin\";}'
    'Craft-ca7cd53e-1b7c-440e-9daa-a4a7a527e905:sidebar' => 'expanded'
    'Craft-ca7cd53e-1b7c-440e-9daa-a4a7a527e905:sidebar-details' => 'expanded'
    'CraftSessionId' => 'r6uvg33jka3nq0jkvfteh664a8'
    '5a70ea625015277d5c3da65516347700_identity' => '0e2a5573b7e101c336db13b6e7349e8d4f553a006eb71418d32abd3744f25955a:2:{i:0;s:41:\"5a70ea625015277d5c3da65516347700_identity\";i:1;s:159:\"[1,\"[\\\"MOVazOqhEpPx8ZvxabTMb7nK_t_44i12ICqSmL0Bwp-e3z9DGPfAJjZO98yrhJIyVrxWSTjNNrONp6wM1_Tk0vveumadJ0EQ6kfU\\\",null,\\\"41770e408d453f0e18b6cf535e220c84\\\"]\",3600]\";}'
    'CRAFT_CSRF_TOKEN' => '••••••••••••••••••••••••••••••••••••••••••••••••••••••••••••••••••••••••••••••••••••••••••••••••••••••••••••••••••••••••••••••••••••••••••••••••••••••••••••••••••••••••••••••••••••••••••••••••••••••••••••••••••••••••••••••••••••••••••••••••••••••••••••••••••'
]

$_SESSION = [
    'a8242a11a2340b611fb4de7fb5462609__flash' => []
    '5a70ea625015277d5c3da65516347700__token' => '••••••••••••••••••••••••••••••••••••••••••••••••••••••••••••••••••••••••••••••••••••••••••••••••••••'
    '5a70ea625015277d5c3da65516347700__id' => 1
    '__authKey' => '••••••••••••••••••••••••••••••••••••••••••••••••••••••••••••••••••••••••••••••••••••••••••••••••••••••••••••••••••••••••••••••••••••••••••••••••'
    '5a70ea625015277d5c3da65516347700__expire' => 1738792597
    '__duration' => 3600
    '__elevated_timeout' => 1738786337
    'a8242a11a2340b611fb4de7fb5462609__auth_access' => [
        0 => 'editStructure:13'
        1 => 'seomaticPreviewAuthorizationKey595'
        2 => 'previewElement:595'
        3 => 'editStructure:15'
        4 => 'seomaticPreviewAuthorizationKey1973'
        5 => 'previewElement:1973'
        6 => 'manageNestedElements::1973::field:address'
        7 => 'manageNestedElements::1973::field:features'
        8 => 'saveAssets:0524ce74-5809-4227-9995-c07e31fcd67f'
        9 => 'saveAssets:ebc5822f-5362-4f1c-a6b8-37a17ea08cf0'
        10 => 'seomaticPreviewAuthorizationKey2014'
        11 => 'previewDraft:751'
        12 => 'seomaticPreviewAuthorizationKey1093'
        13 => 'previewElement:1093'
        14 => 'manageNestedElements::1093::field:landBlocks'
        15 => 'previewDraft:752'
        16 => 'seomaticPreviewAuthorizationKey2016'
        17 => 'previewDraft:753'
        18 => 'seomaticPreviewAuthorizationKey1776'
        19 => 'previewElement:602'
        20 => 'manageNestedElements::602::field:address'
        21 => 'manageNestedElements::602::field:features'
        22 => 'seomaticPreviewAuthorizationKey639'
        23 => 'previewElement:639'
        24 => 'manageNestedElements::639::field:address'
        25 => 'manageNestedElements::639::field:features'
        26 => 'seomaticPreviewAuthorizationKey2017'
        27 => 'previewDraft:754'
    ]
]

$_SERVER = [
    'USER' => 'ngrsnrwarf'
    'HOME' => '/home/1321557.cloudwaysapps.com/ngrsnrwarf'
    'SCRIPT_NAME' => '/index.php'
    'REQUEST_URI' => '/index.php?p=admin%2Factions%2Fqueue%2Frun&v=1738788996930'
    'QUERY_STRING' => 'p=admin%2Factions%2Fqueue%2Frun&v=1738788996930'
    'REQUEST_METHOD' => 'POST'
    'SERVER_PROTOCOL' => 'HTTP/1.1'
    'GATEWAY_INTERFACE' => 'CGI/1.1'
    'REMOTE_PORT' => '41930'
    'SCRIPT_FILENAME' => '/home/1321557.cloudwaysapps.com/ngrsnrwarf/public_html/web/index.php'
    'SERVER_ADMIN' => '[no address given]'
    'CONTEXT_DOCUMENT_ROOT' => '/home/1321557.cloudwaysapps.com/ngrsnrwarf/public_html/web/'
    'CONTEXT_PREFIX' => ''
    'REQUEST_SCHEME' => 'http'
    'DOCUMENT_ROOT' => '/home/1321557.cloudwaysapps.com/ngrsnrwarf/public_html/web/'
    'REMOTE_ADDR' => '170.249.132.250'
    'SERVER_PORT' => '80'
    'SERVER_ADDR' => '127.0.0.1'
    'SERVER_NAME' => 'phpstack-1321557-5103849.cloudwaysapps.com'
    'SERVER_SOFTWARE' => 'Apache/2.4.62 (Debian)'
    'SERVER_SIGNATURE' => '<address>Apache/2.4.62 (Debian) Server at phpstack-1321557-5103849.cloudwaysapps.com Port 80</address>
'
    'PATH' => '/usr/local/sbin:/usr/local/bin:/usr/sbin:/usr/bin:/sbin:/bin'
    'HTTP_X_VARNISH' => '698068'
    'HTTP_X_FORWARDED_FOR' => '170.249.132.250'
    'HTTP_COOKIE' => '5a70ea625015277d5c3da65516347700_username=32d20cce79116cb039564d6483c9bc0f36b4416433cf9f8bfff49403d4dbced6a%3A2%3A%7Bi%3A0%3Bs%3A41%3A%225a70ea625015277d5c3da65516347700_username%22%3Bi%3A1%3Bs%3A5%3A%22admin%22%3B%7D; Craft-ca7cd53e-1b7c-440e-9daa-a4a7a527e905:sidebar=expanded; Craft-ca7cd53e-1b7c-440e-9daa-a4a7a527e905:sidebar-details=expanded; CraftSessionId=r6uvg33jka3nq0jkvfteh664a8; 5a70ea625015277d5c3da65516347700_identity=0e2a5573b7e101c336db13b6e7349e8d4f553a006eb71418d32abd3744f25955a%3A2%3A%7Bi%3A0%3Bs%3A41%3A%225a70ea625015277d5c3da65516347700_identity%22%3Bi%3A1%3Bs%3A159%3A%22%5B1%2C%22%5B%5C%22MOVazOqhEpPx8ZvxabTMb7nK_t_44i12ICqSmL0Bwp-e3z9DGPfAJjZO98yrhJIyVrxWSTjNNrONp6wM1_Tk0vveumadJ0EQ6kfU%5C%22%2Cnull%2C%5C%2241770e408d453f0e18b6cf535e220c84%5C%22%5D%22%2C3600%5D%22%3B%7D; CRAFT_CSRF_TOKEN=b0fd3893416c39c59b1e46a69138510c6d85cbc4a7e8d1e63c88868ed82d55daa%3A2%3A%7Bi%3A0%3Bs%3A16%3A%22CRAFT_CSRF_TOKEN%22%3Bi%3A1%3Bs%3A147%3A%22Xy78iamH97GHPM-6lI2SwMOzCC4HXC-ZeIhF7VJn%7Cb48c32551826bfdc2c3d06bc60fb5d3ea04655d9a84da15fc8190df6b7b96205Xy78iamH97GHPM-6lI2SwMOzCC4HXC-ZeIhF7VJn%7C1%22%3B%7D'
    'HTTP_PRIORITY' => 'u=1, i'
    'HTTP_ACCEPT_LANGUAGE' => 'en-US,en;q=0.9'
    'HTTP_REFERER' => 'https://phpstack-1321557-5103849.cloudwaysapps.com/admin/entries/realEstate/639-bayou-pine-tract-3'
    'HTTP_SEC_FETCH_DEST' => 'empty'
    'HTTP_SEC_FETCH_MODE' => 'cors'
    'HTTP_SEC_FETCH_SITE' => 'same-origin'
    'HTTP_ORIGIN' => 'https://phpstack-1321557-5103849.cloudwaysapps.com'
    'HTTP_USER_AGENT' => 'Mozilla/5.0 (Windows NT 10.0; Win64; x64) AppleWebKit/537.36 (KHTML, like Gecko) Chrome/132.0.0.0 Safari/537.36'
    'HTTP_ACCEPT' => 'application/json, text/plain, */*'
    'HTTP_X_REGISTERED_ASSET_BUNDLES' => '815d39ea,7b7669ac,22e517a2,aee7f8dc,e505ffd6,6b4d7555,bb2f10a0,e5e48399,fc0bc163,1ccab40d,1e21896b,54698ee0,b842675b,1c3c9add,4b1fd285,d8d08e47,8f00ce04,8768f48b,cf3018d6,e7c1329,15a36a51,841995d6,eccadbb,5bcea07e,be6e4c69'
    'HTTP_X_REQUESTED_WITH' => 'XMLHttpRequest'
    'HTTP_SEC_CH_UA_MOBILE' => '?0'
    'HTTP_SEC_CH_UA' => '\"Not A(Brand\";v=\"8\", \"Chromium\";v=\"132\", \"Google Chrome\";v=\"132\"'
    'HTTP_X_REGISTERED_JS_FILES' => ''
    'HTTP_X_CSRF_TOKEN' => '••••••••••••••••••••••••••••••••••••••••••••••••••••••••••••••••••••••••••••••••••••••••••••••••••••••••••••••••••••••••••••••••••••••••••••••••••••••••••••••••••••••••••••••••••••••••••••••••••••••••••••••••••••••••••••••••••••••••••••••••••••••••••••••••••••••••••••••••••••••••••••••••••••••••••••••••••••••••••••••••••••••••••••••••••••••••••••••••••••••••••••••••••••••••••••••••••••••••'
    'HTTP_SEC_CH_UA_PLATFORM' => '\"Windows\"'
    'CONTENT_LENGTH' => '0'
    'HTTP_X_VERSION' => '81'
    'HTTP_X_APP_USER' => 'ngrsnrwarf'
    'HTTP_X_APPLICATION' => 'phpstack'
    'HTTP_X_FORWARDED_HOST' => 'phpstack-1321557-5103849.cloudwaysapps.com'
    'HTTP_X_FORWARDED_PROTO' => 'https'
    'HTTP_HOST' => 'phpstack-1321557-5103849.cloudwaysapps.com'
    'HTTP_X_REAL_IP' => '170.249.132.250'
    'IMUNIFY360_WEAKPASS_REDIRECT_URL' => 'appsecurity.cloudwaysapps.com/'
    'IMUNIFY360_COMPROMISED_REDIRECT_URL' => 'appsecurity.cloudwaysapps.com/'
    'SCRIPT_URI' => 'http://phpstack-1321557-5103849.cloudwaysapps.com/index.php'
    'SCRIPT_URL' => '/index.php'
    'HTTP_AUTHORIZATION' => ''
    'HTTPS' => 'on'
    'cw_allowed_ip' => '0'
    'UNIQUE_ID' => 'Z6PQhDDhNm4oY0AKqUcOmwAADk0'
    'FCGI_ROLE' => 'RESPONDER'
    'PHP_SELF' => '/index.php'
    'REQUEST_TIME_FLOAT' => 1738788997.1266
    'REQUEST_TIME' => 1738788997
    'CRAFT_APP_ID' => 'CraftCMS--2ca79e68-bc75-4adc-80d5-7560ec41478e'
    'CRAFT_ENVIRONMENT' => 'dev'
    'CRAFT_DB_DRIVER' => 'mysql'
    'CRAFT_DB_SERVER' => '137.184.15.251'
    'CRAFT_DB_PORT' => '3306'
    'CRAFT_DB_DATABASE' => 'ngrsnrwarf'
    'CRAFT_DB_USER' => 'ngrsnrwarf'
    'CRAFT_DB_PASSWORD' => '••••••••••'
    'CRAFT_DB_SCHEMA' => ''
    'CRAFT_DB_TABLE_PREFIX' => ''
    'CRAFT_SECURITY_KEY' => '••••••••••••••••••••••••••••••••'
    'CRAFT_DEV_MODE' => 'true'
    'CRAFT_ALLOW_ADMIN_CHANGES' => 'true'
    'CRAFT_DISALLOW_ROBOTS' => 'true'
    'PRIMARY_SITE_URL' => 'https://phpstack-1321557-5103849.cloudwaysapps.com/'
] {"environment":"dev","userId":1} 
2025-02-05 13:56:57 [queue.INFO] [yii\db\Connection::open] Opening DB connection: mysql:host=137.184.15.251;dbname=ngrsnrwarf;port=3306 {"memory":805488} 
2025-02-05 13:56:57 [queue.INFO] [yii\web\Session::open] Session started {"memory":1960144} 
2025-02-05 13:56:57 [queue.INFO] [nystudio107\codeeditor\CodeEditor::bootstrap] CodeEditor module bootstrapped {"memory":2000896} 
2025-02-05 13:56:57 [queue.INFO] [nystudio107\seomatic\Seomatic::init] SEOmatic plugin loaded {"memory":2604856} 
2025-02-05 13:56:57 [queue.INFO] [yii\db\Connection::open] Opening DB connection: mysql:host=137.184.15.251;dbname=ngrsnrwarf;port=3306 {"memory":3128728} 
2025-02-05 13:56:57 [queue.INFO] [craft\queue\QueueLogBehavior::beforeExec]  [4688] t9n:["app","Updating search indexes"] (attempt: 1, pid: 4016556) - Started {"memory":3187624} 
2025-02-05 13:56:57 [queue.INFO] [craft\queue\QueueLogBehavior::afterExec]  [4688] t9n:["app","Updating search indexes"] (attempt: 1, pid: 4016556) - Done (time: 0.060s) {"memory":5132648} 
2025-02-05 13:56:57 [queue.INFO] [craft\queue\QueueLogBehavior::beforeExec]  [4689] t9n:["app","Pruning extra revisions"] (attempt: 1, pid: 4016556) - Started {"memory":5140632} 
2025-02-05 13:56:57 [queue.INFO] [craft\queue\QueueLogBehavior::afterExec]  [4689] t9n:["app","Pruning extra revisions"] (attempt: 1, pid: 4016556) - Done (time: 0.003s) {"memory":5182752} 
2025-02-05 13:56:57 [queue.INFO] [application] Request context:
$_GET = [
    'p' => 'admin/actions/queue/run'
    'v' => '1738789017404'
]

$_POST = []

$_FILES = []

$_COOKIE = [
    '5a70ea625015277d5c3da65516347700_username' => '32d20cce79116cb039564d6483c9bc0f36b4416433cf9f8bfff49403d4dbced6a:2:{i:0;s:41:\"5a70ea625015277d5c3da65516347700_username\";i:1;s:5:\"admin\";}'
    'Craft-ca7cd53e-1b7c-440e-9daa-a4a7a527e905:sidebar' => 'expanded'
    'Craft-ca7cd53e-1b7c-440e-9daa-a4a7a527e905:sidebar-details' => 'expanded'
    'CraftSessionId' => 'r6uvg33jka3nq0jkvfteh664a8'
    '5a70ea625015277d5c3da65516347700_identity' => '0e2a5573b7e101c336db13b6e7349e8d4f553a006eb71418d32abd3744f25955a:2:{i:0;s:41:\"5a70ea625015277d5c3da65516347700_identity\";i:1;s:159:\"[1,\"[\\\"MOVazOqhEpPx8ZvxabTMb7nK_t_44i12ICqSmL0Bwp-e3z9DGPfAJjZO98yrhJIyVrxWSTjNNrONp6wM1_Tk0vveumadJ0EQ6kfU\\\",null,\\\"41770e408d453f0e18b6cf535e220c84\\\"]\",3600]\";}'
    'CRAFT_CSRF_TOKEN' => '••••••••••••••••••••••••••••••••••••••••••••••••••••••••••••••••••••••••••••••••••••••••••••••••••••••••••••••••••••••••••••••••••••••••••••••••••••••••••••••••••••••••••••••••••••••••••••••••••••••••••••••••••••••••••••••••••••••••••••••••••••••••••••••••••'
]

$_SESSION = [
    'a8242a11a2340b611fb4de7fb5462609__flash' => []
    '5a70ea625015277d5c3da65516347700__token' => '••••••••••••••••••••••••••••••••••••••••••••••••••••••••••••••••••••••••••••••••••••••••••••••••••••'
    '5a70ea625015277d5c3da65516347700__id' => 1
    '__authKey' => '••••••••••••••••••••••••••••••••••••••••••••••••••••••••••••••••••••••••••••••••••••••••••••••••••••••••••••••••••••••••••••••••••••••••••••••••'
    '5a70ea625015277d5c3da65516347700__expire' => 1738792617
    '__duration' => 3600
    '__elevated_timeout' => 1738786337
    'a8242a11a2340b611fb4de7fb5462609__auth_access' => [
        0 => 'editStructure:13'
        1 => 'seomaticPreviewAuthorizationKey595'
        2 => 'previewElement:595'
        3 => 'editStructure:15'
        4 => 'seomaticPreviewAuthorizationKey1973'
        5 => 'previewElement:1973'
        6 => 'manageNestedElements::1973::field:address'
        7 => 'manageNestedElements::1973::field:features'
        8 => 'saveAssets:0524ce74-5809-4227-9995-c07e31fcd67f'
        9 => 'saveAssets:ebc5822f-5362-4f1c-a6b8-37a17ea08cf0'
        10 => 'seomaticPreviewAuthorizationKey2014'
        11 => 'previewDraft:751'
        12 => 'seomaticPreviewAuthorizationKey1093'
        13 => 'previewElement:1093'
        14 => 'manageNestedElements::1093::field:landBlocks'
        15 => 'previewDraft:752'
        16 => 'seomaticPreviewAuthorizationKey2016'
        17 => 'previewDraft:753'
        18 => 'seomaticPreviewAuthorizationKey1776'
        19 => 'previewElement:602'
        20 => 'manageNestedElements::602::field:address'
        21 => 'manageNestedElements::602::field:features'
        22 => 'seomaticPreviewAuthorizationKey639'
        23 => 'previewElement:639'
        24 => 'manageNestedElements::639::field:address'
        25 => 'manageNestedElements::639::field:features'
        26 => 'seomaticPreviewAuthorizationKey2017'
        27 => 'previewDraft:754'
    ]
]

$_SERVER = [
    'USER' => 'ngrsnrwarf'
    'HOME' => '/home/1321557.cloudwaysapps.com/ngrsnrwarf'
    'SCRIPT_NAME' => '/index.php'
    'REQUEST_URI' => '/index.php?p=admin%2Factions%2Fqueue%2Frun&v=1738789017404'
    'QUERY_STRING' => 'p=admin%2Factions%2Fqueue%2Frun&v=1738789017404'
    'REQUEST_METHOD' => 'POST'
    'SERVER_PROTOCOL' => 'HTTP/1.1'
    'GATEWAY_INTERFACE' => 'CGI/1.1'
    'REMOTE_PORT' => '13366'
    'SCRIPT_FILENAME' => '/home/1321557.cloudwaysapps.com/ngrsnrwarf/public_html/web/index.php'
    'SERVER_ADMIN' => '[no address given]'
    'CONTEXT_DOCUMENT_ROOT' => '/home/1321557.cloudwaysapps.com/ngrsnrwarf/public_html/web/'
    'CONTEXT_PREFIX' => ''
    'REQUEST_SCHEME' => 'http'
    'DOCUMENT_ROOT' => '/home/1321557.cloudwaysapps.com/ngrsnrwarf/public_html/web/'
    'REMOTE_ADDR' => '170.249.132.250'
    'SERVER_PORT' => '80'
    'SERVER_ADDR' => '127.0.0.1'
    'SERVER_NAME' => 'phpstack-1321557-5103849.cloudwaysapps.com'
    'SERVER_SOFTWARE' => 'Apache/2.4.62 (Debian)'
    'SERVER_SIGNATURE' => '<address>Apache/2.4.62 (Debian) Server at phpstack-1321557-5103849.cloudwaysapps.com Port 80</address>
'
    'PATH' => '/usr/local/sbin:/usr/local/bin:/usr/sbin:/usr/bin:/sbin:/bin'
    'HTTP_X_VARNISH' => '698099'
    'HTTP_X_FORWARDED_FOR' => '170.249.132.250'
    'HTTP_COOKIE' => '5a70ea625015277d5c3da65516347700_username=32d20cce79116cb039564d6483c9bc0f36b4416433cf9f8bfff49403d4dbced6a%3A2%3A%7Bi%3A0%3Bs%3A41%3A%225a70ea625015277d5c3da65516347700_username%22%3Bi%3A1%3Bs%3A5%3A%22admin%22%3B%7D; Craft-ca7cd53e-1b7c-440e-9daa-a4a7a527e905:sidebar=expanded; Craft-ca7cd53e-1b7c-440e-9daa-a4a7a527e905:sidebar-details=expanded; CraftSessionId=r6uvg33jka3nq0jkvfteh664a8; 5a70ea625015277d5c3da65516347700_identity=0e2a5573b7e101c336db13b6e7349e8d4f553a006eb71418d32abd3744f25955a%3A2%3A%7Bi%3A0%3Bs%3A41%3A%225a70ea625015277d5c3da65516347700_identity%22%3Bi%3A1%3Bs%3A159%3A%22%5B1%2C%22%5B%5C%22MOVazOqhEpPx8ZvxabTMb7nK_t_44i12ICqSmL0Bwp-e3z9DGPfAJjZO98yrhJIyVrxWSTjNNrONp6wM1_Tk0vveumadJ0EQ6kfU%5C%22%2Cnull%2C%5C%2241770e408d453f0e18b6cf535e220c84%5C%22%5D%22%2C3600%5D%22%3B%7D; CRAFT_CSRF_TOKEN=b0fd3893416c39c59b1e46a69138510c6d85cbc4a7e8d1e63c88868ed82d55daa%3A2%3A%7Bi%3A0%3Bs%3A16%3A%22CRAFT_CSRF_TOKEN%22%3Bi%3A1%3Bs%3A147%3A%22Xy78iamH97GHPM-6lI2SwMOzCC4HXC-ZeIhF7VJn%7Cb48c32551826bfdc2c3d06bc60fb5d3ea04655d9a84da15fc8190df6b7b96205Xy78iamH97GHPM-6lI2SwMOzCC4HXC-ZeIhF7VJn%7C1%22%3B%7D'
    'HTTP_PRIORITY' => 'u=1, i'
    'HTTP_ACCEPT_LANGUAGE' => 'en-US,en;q=0.9'
    'HTTP_REFERER' => 'https://phpstack-1321557-5103849.cloudwaysapps.com/admin/entries/realEstate?source=section%3A252af2fe-e999-4c7a-beb2-9e62353de467'
    'HTTP_SEC_FETCH_DEST' => 'empty'
    'HTTP_SEC_FETCH_MODE' => 'cors'
    'HTTP_SEC_FETCH_SITE' => 'same-origin'
    'HTTP_ORIGIN' => 'https://phpstack-1321557-5103849.cloudwaysapps.com'
    'HTTP_USER_AGENT' => 'Mozilla/5.0 (Windows NT 10.0; Win64; x64) AppleWebKit/537.36 (KHTML, like Gecko) Chrome/132.0.0.0 Safari/537.36'
    'HTTP_ACCEPT' => 'application/json, text/plain, */*'
    'HTTP_X_REGISTERED_ASSET_BUNDLES' => '22e517a2,aee7f8dc,e505ffd6,6b4d7555,bb2f10a0,e5e48399,815d39ea,fc0bc163,1ccab40d,1e21896b,54698ee0,b842675b,1c3c9add,4b1fd285,d8d08e47,8f00ce04,8768f48b,cf3018d6'
    'HTTP_X_REQUESTED_WITH' => 'XMLHttpRequest'
    'HTTP_SEC_CH_UA_MOBILE' => '?0'
    'HTTP_SEC_CH_UA' => '\"Not A(Brand\";v=\"8\", \"Chromium\";v=\"132\", \"Google Chrome\";v=\"132\"'
    'HTTP_X_REGISTERED_JS_FILES' => ''
    'HTTP_X_CSRF_TOKEN' => '••••••••••••••••••••••••••••••••••••••••••••••••••••••••••••••••••••••••••••••••••••••••••••••••••••••••••••••••••••••••••••••••••••••••••••••••••••••••••••••••••••••••••••••••••••••••••••••••••••••••••••••••••••••••••••••••••••••••••••••••••••••••••••••••••••••••••••••••••••••••••••••••••••••••••••••••••••••••••••••••••••••••••••••••••••••••••••••••••••••••••••••••••••••••••••••••••••••••'
    'HTTP_SEC_CH_UA_PLATFORM' => '\"Windows\"'
    'CONTENT_LENGTH' => '0'
    'HTTP_X_VERSION' => '81'
    'HTTP_X_APP_USER' => 'ngrsnrwarf'
    'HTTP_X_APPLICATION' => 'phpstack'
    'HTTP_X_FORWARDED_HOST' => 'phpstack-1321557-5103849.cloudwaysapps.com'
    'HTTP_X_FORWARDED_PROTO' => 'https'
    'HTTP_HOST' => 'phpstack-1321557-5103849.cloudwaysapps.com'
    'HTTP_X_REAL_IP' => '170.249.132.250'
    'IMUNIFY360_WEAKPASS_REDIRECT_URL' => 'appsecurity.cloudwaysapps.com/'
    'IMUNIFY360_COMPROMISED_REDIRECT_URL' => 'appsecurity.cloudwaysapps.com/'
    'SCRIPT_URI' => 'http://phpstack-1321557-5103849.cloudwaysapps.com/index.php'
    'SCRIPT_URL' => '/index.php'
    'HTTP_AUTHORIZATION' => ''
    'HTTPS' => 'on'
    'cw_allowed_ip' => '0'
    'UNIQUE_ID' => 'Z6PQmabtK-A6QLoNu_po2QAADIU'
    'FCGI_ROLE' => 'RESPONDER'
    'PHP_SELF' => '/index.php'
    'REQUEST_TIME_FLOAT' => 1738789017.6602
    'REQUEST_TIME' => 1738789017
    'CRAFT_APP_ID' => 'CraftCMS--2ca79e68-bc75-4adc-80d5-7560ec41478e'
    'CRAFT_ENVIRONMENT' => 'dev'
    'CRAFT_DB_DRIVER' => 'mysql'
    'CRAFT_DB_SERVER' => '137.184.15.251'
    'CRAFT_DB_PORT' => '3306'
    'CRAFT_DB_DATABASE' => 'ngrsnrwarf'
    'CRAFT_DB_USER' => 'ngrsnrwarf'
    'CRAFT_DB_PASSWORD' => '••••••••••'
    'CRAFT_DB_SCHEMA' => ''
    'CRAFT_DB_TABLE_PREFIX' => ''
    'CRAFT_SECURITY_KEY' => '••••••••••••••••••••••••••••••••'
    'CRAFT_DEV_MODE' => 'true'
    'CRAFT_ALLOW_ADMIN_CHANGES' => 'true'
    'CRAFT_DISALLOW_ROBOTS' => 'true'
    'PRIMARY_SITE_URL' => 'https://phpstack-1321557-5103849.cloudwaysapps.com/'
] {"environment":"dev","userId":1} 
