2025-02-14 14:20:20 [queue.INFO] [yii\db\Connection::open] Opening DB connection: mysql:host=137.184.15.251;dbname=ngrsnrwarf;port=3306 {"memory":804976} 
2025-02-14 14:20:20 [queue.INFO] [yii\web\Session::open] Session started {"memory":1999312} 
2025-02-14 14:20:20 [queue.INFO] [nystudio107\codeeditor\CodeEditor::bootstrap] CodeEditor module bootstrapped {"memory":2040064} 
2025-02-14 14:20:20 [queue.INFO] [nystudio107\seomatic\Seomatic::init] SEOmatic plugin loaded {"memory":2644912} 
2025-02-14 14:20:20 [queue.INFO] [yii\db\Connection::open] Opening DB connection: mysql:host=137.184.15.251;dbname=ngrsnrwarf;port=3306 {"memory":3111184} 
2025-02-14 14:20:20 [queue.INFO] [craft\queue\QueueLogBehavior::beforeExec]  [4866] t9n:["app","Updating search indexes"] (attempt: 1, pid: 1685123) - Started {"memory":3171224} 
2025-02-14 14:20:20 [queue.INFO] [craft\queue\QueueLogBehavior::afterExec]  [4866] t9n:["app","Updating search indexes"] (attempt: 1, pid: 1685123) - Done (time: 0.055s) {"memory":4983384} 
2025-02-14 14:20:20 [queue.INFO] [craft\queue\QueueLogBehavior::beforeExec]  [4867] t9n:["app","Updating search indexes"] (attempt: 1, pid: 1685123) - Started {"memory":4991368} 
2025-02-14 14:20:20 [queue.INFO] [craft\queue\QueueLogBehavior::afterExec]  [4867] t9n:["app","Updating search indexes"] (attempt: 1, pid: 1685123) - Done (time: 0.001s) {"memory":5037448} 
2025-02-14 14:20:20 [queue.INFO] [craft\queue\QueueLogBehavior::beforeExec]  [4868] t9n:["app","Updating search indexes"] (attempt: 1, pid: 1685123) - Started {"memory":5045432} 
2025-02-14 14:20:20 [queue.INFO] [craft\queue\QueueLogBehavior::afterExec]  [4868] t9n:["app","Updating search indexes"] (attempt: 1, pid: 1685123) - Done (time: 0.002s) {"memory":5091512} 
2025-02-14 14:20:20 [queue.INFO] [craft\queue\QueueLogBehavior::beforeExec]  [4869] t9n:["app","Updating search indexes"] (attempt: 1, pid: 1685123) - Started {"memory":5099496} 
2025-02-14 14:20:20 [queue.INFO] [craft\queue\QueueLogBehavior::afterExec]  [4869] t9n:["app","Updating search indexes"] (attempt: 1, pid: 1685123) - Done (time: 0.001s) {"memory":5145576} 
2025-02-14 14:20:20 [queue.INFO] [craft\queue\QueueLogBehavior::beforeExec]  [4870] t9n:["app","Updating search indexes"] (attempt: 1, pid: 1685123) - Started {"memory":5157976} 
2025-02-14 14:20:20 [queue.INFO] [craft\queue\QueueLogBehavior::afterExec]  [4870] t9n:["app","Updating search indexes"] (attempt: 1, pid: 1685123) - Done (time: 0.002s) {"memory":5204056} 
2025-02-14 14:20:20 [queue.INFO] [craft\queue\QueueLogBehavior::beforeExec]  [4871] t9n:["app","Updating search indexes"] (attempt: 1, pid: 1685123) - Started {"memory":5212040} 
2025-02-14 14:20:20 [queue.INFO] [craft\queue\QueueLogBehavior::afterExec]  [4871] t9n:["app","Updating search indexes"] (attempt: 1, pid: 1685123) - Done (time: 0.004s) {"memory":5258120} 
2025-02-14 14:20:20 [queue.INFO] [craft\queue\QueueLogBehavior::beforeExec]  [4872] t9n:["app","Updating search indexes"] (attempt: 1, pid: 1685123) - Started {"memory":5266104} 
2025-02-14 14:20:20 [queue.INFO] [craft\queue\QueueLogBehavior::afterExec]  [4872] t9n:["app","Updating search indexes"] (attempt: 1, pid: 1685123) - Done (time: 0.001s) {"memory":5312184} 
2025-02-14 14:20:20 [queue.INFO] [craft\queue\QueueLogBehavior::beforeExec]  [4873] t9n:["app","Updating search indexes"] (attempt: 1, pid: 1685123) - Started {"memory":5320168} 
2025-02-14 14:20:20 [queue.INFO] [craft\queue\QueueLogBehavior::afterExec]  [4873] t9n:["app","Updating search indexes"] (attempt: 1, pid: 1685123) - Done (time: 0.001s) {"memory":5366248} 
2025-02-14 14:20:20 [queue.INFO] [craft\queue\QueueLogBehavior::beforeExec]  [4874] t9n:["app","Updating search indexes"] (attempt: 1, pid: 1685123) - Started {"memory":5374232} 
2025-02-14 14:20:20 [queue.INFO] [craft\queue\QueueLogBehavior::afterExec]  [4874] t9n:["app","Updating search indexes"] (attempt: 1, pid: 1685123) - Done (time: 0.002s) {"memory":5420312} 
2025-02-14 14:20:20 [queue.INFO] [craft\queue\QueueLogBehavior::beforeExec]  [4875] t9n:["app","Updating search indexes"] (attempt: 1, pid: 1685123) - Started {"memory":5428296} 
2025-02-14 14:20:20 [queue.INFO] [craft\queue\QueueLogBehavior::afterExec]  [4875] t9n:["app","Updating search indexes"] (attempt: 1, pid: 1685123) - Done (time: 0.001s) {"memory":5474376} 
2025-02-14 14:20:20 [queue.INFO] [craft\queue\QueueLogBehavior::beforeExec]  [4876] t9n:["app","Updating search indexes"] (attempt: 1, pid: 1685123) - Started {"memory":5482360} 
2025-02-14 14:20:20 [queue.INFO] [craft\queue\QueueLogBehavior::afterExec]  [4876] t9n:["app","Updating search indexes"] (attempt: 1, pid: 1685123) - Done (time: 0.002s) {"memory":5528440} 
2025-02-14 14:20:20 [queue.INFO] [craft\queue\QueueLogBehavior::beforeExec]  [4877] t9n:["app","Updating search indexes"] (attempt: 1, pid: 1685123) - Started {"memory":5536424} 
2025-02-14 14:20:20 [queue.INFO] [craft\queue\QueueLogBehavior::afterExec]  [4877] t9n:["app","Updating search indexes"] (attempt: 1, pid: 1685123) - Done (time: 0.001s) {"memory":5582504} 
2025-02-14 14:20:20 [queue.INFO] [craft\queue\QueueLogBehavior::beforeExec]  [4878] t9n:["app","Updating search indexes"] (attempt: 1, pid: 1685123) - Started {"memory":5590488} 
2025-02-14 14:20:20 [queue.INFO] [craft\queue\QueueLogBehavior::afterExec]  [4878] t9n:["app","Updating search indexes"] (attempt: 1, pid: 1685123) - Done (time: 0.001s) {"memory":5636568} 
2025-02-14 14:20:20 [queue.INFO] [craft\queue\QueueLogBehavior::beforeExec]  [4879] t9n:["app","Updating search indexes"] (attempt: 1, pid: 1685123) - Started {"memory":5644552} 
2025-02-14 14:20:20 [queue.INFO] [craft\queue\QueueLogBehavior::afterExec]  [4879] t9n:["app","Updating search indexes"] (attempt: 1, pid: 1685123) - Done (time: 0.001s) {"memory":5690632} 
2025-02-14 14:20:20 [queue.INFO] [craft\queue\QueueLogBehavior::beforeExec]  [4880] t9n:["app","Updating search indexes"] (attempt: 1, pid: 1685123) - Started {"memory":5706808} 
2025-02-14 14:20:20 [queue.INFO] [craft\queue\QueueLogBehavior::afterExec]  [4880] t9n:["app","Updating search indexes"] (attempt: 1, pid: 1685123) - Done (time: 0.001s) {"memory":5752888} 
2025-02-14 14:20:20 [queue.INFO] [craft\queue\QueueLogBehavior::beforeExec]  [4881] t9n:["app","Updating search indexes"] (attempt: 1, pid: 1685123) - Started {"memory":5760872} 
2025-02-14 14:20:20 [queue.INFO] [craft\queue\QueueLogBehavior::afterExec]  [4881] t9n:["app","Updating search indexes"] (attempt: 1, pid: 1685123) - Done (time: 0.013s) {"memory":6003936} 
2025-02-14 14:20:20 [queue.INFO] [craft\queue\QueueLogBehavior::beforeExec]  [4882] t9n:["app","Updating search indexes"] (attempt: 1, pid: 1685123) - Started {"memory":6011920} 
2025-02-14 14:20:20 [queue.INFO] [craft\queue\QueueLogBehavior::afterExec]  [4882] t9n:["app","Updating search indexes"] (attempt: 1, pid: 1685123) - Done (time: 0.006s) {"memory":6073120} 
2025-02-14 14:20:20 [queue.INFO] [craft\queue\QueueLogBehavior::beforeExec]  [4883] t9n:["app","Updating search indexes"] (attempt: 1, pid: 1685123) - Started {"memory":6081104} 
2025-02-14 14:20:20 [queue.INFO] [craft\queue\QueueLogBehavior::afterExec]  [4883] t9n:["app","Updating search indexes"] (attempt: 1, pid: 1685123) - Done (time: 0.006s) {"memory":6142440} 
2025-02-14 14:20:20 [queue.INFO] [craft\queue\QueueLogBehavior::beforeExec]  [4884] t9n:["app","Updating search indexes"] (attempt: 1, pid: 1685123) - Started {"memory":6150424} 
2025-02-14 14:20:20 [queue.INFO] [craft\queue\QueueLogBehavior::afterExec]  [4884] t9n:["app","Updating search indexes"] (attempt: 1, pid: 1685123) - Done (time: 0.006s) {"memory":6211464} 
2025-02-14 14:20:20 [queue.INFO] [craft\queue\QueueLogBehavior::beforeExec]  [4885] t9n:["app","Updating search indexes"] (attempt: 1, pid: 1685123) - Started {"memory":6219448} 
2025-02-14 14:20:20 [queue.INFO] [craft\queue\QueueLogBehavior::afterExec]  [4885] t9n:["app","Updating search indexes"] (attempt: 1, pid: 1685123) - Done (time: 0.012s) {"memory":6280624} 
2025-02-14 14:20:20 [queue.INFO] [application] Request context:
$_GET = [
    'p' => 'admin/actions/queue/run'
    'v' => '1739568020587'
]

$_POST = []

$_FILES = []

$_COOKIE = [
    '5a70ea625015277d5c3da65516347700_username' => '32d20cce79116cb039564d6483c9bc0f36b4416433cf9f8bfff49403d4dbced6a:2:{i:0;s:41:\"5a70ea625015277d5c3da65516347700_username\";i:1;s:5:\"admin\";}'
    'CraftSessionId' => 'ukdsl4jlaopm4lgm2tfr2kmel3'
    '5a70ea625015277d5c3da65516347700_identity' => 'bdab57473a7601846ff3b97ef9443af7848f5375d4b8d39193ed6de1eb62f715a:2:{i:0;s:41:\"5a70ea625015277d5c3da65516347700_identity\";i:1;s:162:\"[1,\"[\\\"Rvqdmpob9nVeODHAW6CZmkij2T_CK4COu62KW2oNvUXNAo7aBRCKtIZti3vp_CJplC1YX_b8zrT2o6qnhx6I-CSCFD7QAR7G--EZ\\\",null,\\\"41770e408d453f0e18b6cf535e220c84\\\"]\",1209600]\";}'
    'CRAFT_CSRF_TOKEN' => '••••••••••••••••••••••••••••••••••••••••••••••••••••••••••••••••••••••••••••••••••••••••••••••••••••••••••••••••••••••••••••••••••••••••••••••••••••••••••••••••••••••••••••••••••••••••••••••••••••••••••••••••••••••••••••••••••••••••••••••••••••••••••••••••••'
    'Craft-ca7cd53e-1b7c-440e-9daa-a4a7a527e905:sidebar' => 'expanded'
]

$_SESSION = [
    'a8242a11a2340b611fb4de7fb5462609__flash' => []
    '5a70ea625015277d5c3da65516347700__token' => '••••••••••••••••••••••••••••••••••••••••••••••••••••••••••••••••••••••••••••••••••••••••••••••••••••'
    '5a70ea625015277d5c3da65516347700__id' => 1
    '__authKey' => '••••••••••••••••••••••••••••••••••••••••••••••••••••••••••••••••••••••••••••••••••••••••••••••••••••••••••••••••••••••••••••••••••••••••••••••••'
    '5a70ea625015277d5c3da65516347700__expire' => 1740777620
    '__duration' => 1209600
    '__elevated_timeout' => 1739568319
]

$_SERVER = [
    'USER' => 'ngrsnrwarf'
    'HOME' => '/home/1321557.cloudwaysapps.com/ngrsnrwarf'
    'SCRIPT_NAME' => '/index.php'
    'REQUEST_URI' => '/index.php?p=admin%2Factions%2Fqueue%2Frun&v=1739568020587'
    'QUERY_STRING' => 'p=admin%2Factions%2Fqueue%2Frun&v=1739568020587'
    'REQUEST_METHOD' => 'POST'
    'SERVER_PROTOCOL' => 'HTTP/1.1'
    'GATEWAY_INTERFACE' => 'CGI/1.1'
    'REMOTE_PORT' => '57406'
    'SCRIPT_FILENAME' => '/home/1321557.cloudwaysapps.com/ngrsnrwarf/public_html/web/index.php'
    'SERVER_ADMIN' => '[no address given]'
    'CONTEXT_DOCUMENT_ROOT' => '/home/1321557.cloudwaysapps.com/ngrsnrwarf/public_html/web/'
    'CONTEXT_PREFIX' => ''
    'REQUEST_SCHEME' => 'http'
    'DOCUMENT_ROOT' => '/home/1321557.cloudwaysapps.com/ngrsnrwarf/public_html/web/'
    'REMOTE_ADDR' => '170.249.132.250'
    'SERVER_PORT' => '80'
    'SERVER_ADDR' => '127.0.0.1'
    'SERVER_NAME' => 'phpstack-1321557-5103849.cloudwaysapps.com'
    'SERVER_SOFTWARE' => 'Apache/2.4.62 (Debian)'
    'SERVER_SIGNATURE' => '<address>Apache/2.4.62 (Debian) Server at phpstack-1321557-5103849.cloudwaysapps.com Port 80</address>
'
    'PATH' => '/usr/local/sbin:/usr/local/bin:/usr/sbin:/usr/bin:/sbin:/bin'
    'HTTP_X_VARNISH' => '805745'
    'HTTP_X_FORWARDED_FOR' => '170.249.132.250'
    'HTTP_COOKIE' => '5a70ea625015277d5c3da65516347700_username=32d20cce79116cb039564d6483c9bc0f36b4416433cf9f8bfff49403d4dbced6a%3A2%3A%7Bi%3A0%3Bs%3A41%3A%225a70ea625015277d5c3da65516347700_username%22%3Bi%3A1%3Bs%3A5%3A%22admin%22%3B%7D; CraftSessionId=ukdsl4jlaopm4lgm2tfr2kmel3; 5a70ea625015277d5c3da65516347700_identity=bdab57473a7601846ff3b97ef9443af7848f5375d4b8d39193ed6de1eb62f715a%3A2%3A%7Bi%3A0%3Bs%3A41%3A%225a70ea625015277d5c3da65516347700_identity%22%3Bi%3A1%3Bs%3A162%3A%22%5B1%2C%22%5B%5C%22Rvqdmpob9nVeODHAW6CZmkij2T_CK4COu62KW2oNvUXNAo7aBRCKtIZti3vp_CJplC1YX_b8zrT2o6qnhx6I-CSCFD7QAR7G--EZ%5C%22%2Cnull%2C%5C%2241770e408d453f0e18b6cf535e220c84%5C%22%5D%22%2C1209600%5D%22%3B%7D; CRAFT_CSRF_TOKEN=4d124de19335971079bd333d9a7533c4c39410d55c349bd203397663652197d6a%3A2%3A%7Bi%3A0%3Bs%3A16%3A%22CRAFT_CSRF_TOKEN%22%3Bi%3A1%3Bs%3A147%3A%22oILK09yQ6r2qQazH7AyWyflvMwQHK1fgdQGK94lB%7Cf0c9e1010ec7048d678c9b928f3aa6f0fd30214a28d0126fee8c59b6e0dae41eoILK09yQ6r2qQazH7AyWyflvMwQHK1fgdQGK94lB%7C1%22%3B%7D; Craft-ca7cd53e-1b7c-440e-9daa-a4a7a527e905:sidebar=expanded'
    'HTTP_PRIORITY' => 'u=1, i'
    'HTTP_ACCEPT_LANGUAGE' => 'en-US,en;q=0.9'
    'HTTP_REFERER' => 'https://phpstack-1321557-5103849.cloudwaysapps.com/admin/dashboard'
    'HTTP_SEC_FETCH_DEST' => 'empty'
    'HTTP_SEC_FETCH_MODE' => 'cors'
    'HTTP_SEC_FETCH_SITE' => 'same-origin'
    'HTTP_ORIGIN' => 'https://phpstack-1321557-5103849.cloudwaysapps.com'
    'HTTP_USER_AGENT' => 'Mozilla/5.0 (Windows NT 10.0; Win64; x64) AppleWebKit/537.36 (KHTML, like Gecko) Chrome/132.0.0.0 Safari/537.36'
    'HTTP_ACCEPT' => 'application/json, text/plain, */*'
    'HTTP_X_REGISTERED_ASSET_BUNDLES' => 'e38a2e07,22e517a2,aee7f8dc,e505ffd6,6b4d7555,bb2f10a0,e5e48399,815d39ea,fc0bc163,1ccab40d,1e21896b,54698ee0,b842675b,1c3c9add,4b1fd285,d8d08e47,8f00ce04,8768f48b,cf3018d6,11858fc6,8550f857,6f12186f,c7a8fe38'
    'HTTP_X_REQUESTED_WITH' => 'XMLHttpRequest'
    'HTTP_SEC_CH_UA_MOBILE' => '?0'
    'HTTP_SEC_CH_UA' => '\"Not A(Brand\";v=\"8\", \"Chromium\";v=\"132\", \"Google Chrome\";v=\"132\"'
    'HTTP_X_REGISTERED_JS_FILES' => ''
    'HTTP_X_CSRF_TOKEN' => '••••••••••••••••••••••••••••••••••••••••••••••••••••••••••••••••••••••••••••••••••••••••••••••••••••••••••••••••••••••••••••••••••••••••••••••••••••••••••••••••••••••••••••••••••••••••••••••••••••••••••••••••••••••••••••••••••••••••••••••••••••••••••••••••••••••••••••••••••••••••••••••••••••••••••••••••••••••••••••••••••••••••••••••••••••••••••••••••••••••••••••••••••••••••••••••••••••••••'
    'HTTP_SEC_CH_UA_PLATFORM' => '\"Windows\"'
    'CONTENT_LENGTH' => '0'
    'HTTP_X_VERSION' => '81'
    'HTTP_X_APP_USER' => 'ngrsnrwarf'
    'HTTP_X_APPLICATION' => 'phpstack'
    'HTTP_X_FORWARDED_HOST' => 'phpstack-1321557-5103849.cloudwaysapps.com'
    'HTTP_X_FORWARDED_PROTO' => 'https'
    'HTTP_HOST' => 'phpstack-1321557-5103849.cloudwaysapps.com'
    'HTTP_X_REAL_IP' => '170.249.132.250'
    'IMUNIFY360_WEAKPASS_REDIRECT_URL' => 'appsecurity.cloudwaysapps.com/'
    'IMUNIFY360_COMPROMISED_REDIRECT_URL' => 'appsecurity.cloudwaysapps.com/'
    'SCRIPT_URI' => 'http://phpstack-1321557-5103849.cloudwaysapps.com/index.php'
    'SCRIPT_URL' => '/index.php'
    'HTTP_AUTHORIZATION' => ''
    'HTTPS' => 'on'
    'cw_allowed_ip' => '0'
    'UNIQUE_ID' => 'Z6-zlB3t-n7HV-ZBcxHW-QAADnI'
    'FCGI_ROLE' => 'RESPONDER'
    'PHP_SELF' => '/index.php'
    'REQUEST_TIME_FLOAT' => 1739568020.7062
    'REQUEST_TIME' => 1739568020
    'CRAFT_APP_ID' => 'CraftCMS--2ca79e68-bc75-4adc-80d5-7560ec41478e'
    'CRAFT_ENVIRONMENT' => 'dev'
    'CRAFT_DB_DRIVER' => 'mysql'
    'CRAFT_DB_SERVER' => '137.184.15.251'
    'CRAFT_DB_PORT' => '3306'
    'CRAFT_DB_DATABASE' => 'ngrsnrwarf'
    'CRAFT_DB_USER' => 'ngrsnrwarf'
    'CRAFT_DB_PASSWORD' => '••••••••••'
    'CRAFT_DB_SCHEMA' => ''
    'CRAFT_DB_TABLE_PREFIX' => ''
    'CRAFT_SECURITY_KEY' => '••••••••••••••••••••••••••••••••'
    'CRAFT_DEV_MODE' => 'true'
    'CRAFT_ALLOW_ADMIN_CHANGES' => 'true'
    'CRAFT_DISALLOW_ROBOTS' => 'true'
    'PRIMARY_SITE_URL' => 'https://phpstack-1321557-5103849.cloudwaysapps.com/'
] {"environment":"dev","userId":1} 
2025-02-14 14:21:29 [queue.INFO] [yii\db\Connection::open] Opening DB connection: mysql:host=137.184.15.251;dbname=ngrsnrwarf;port=3306 {"memory":805344} 
2025-02-14 14:21:29 [queue.INFO] [yii\web\Session::open] Session started {"memory":2001048} 
2025-02-14 14:21:29 [queue.INFO] [nystudio107\codeeditor\CodeEditor::bootstrap] CodeEditor module bootstrapped {"memory":2041800} 
2025-02-14 14:21:29 [queue.INFO] [nystudio107\seomatic\Seomatic::init] SEOmatic plugin loaded {"memory":2646712} 
2025-02-14 14:21:29 [queue.INFO] [yii\db\Connection::open] Opening DB connection: mysql:host=137.184.15.251;dbname=ngrsnrwarf;port=3306 {"memory":3112184} 
2025-02-14 14:21:29 [queue.INFO] [craft\queue\QueueLogBehavior::beforeExec]  [4886] t9n:["app","Updating search indexes"] (attempt: 1, pid: 1685221) - Started {"memory":3171424} 
2025-02-14 14:21:29 [queue.INFO] [craft\queue\QueueLogBehavior::afterExec]  [4886] t9n:["app","Updating search indexes"] (attempt: 1, pid: 1685221) - Done (time: 0.019s) {"memory":3491792} 
2025-02-14 14:21:29 [queue.INFO] [application] Request context:
$_GET = [
    'p' => 'admin/actions/queue/run'
    'v' => '1739568089517'
]

$_POST = []

$_FILES = []

$_COOKIE = [
    '5a70ea625015277d5c3da65516347700_username' => '32d20cce79116cb039564d6483c9bc0f36b4416433cf9f8bfff49403d4dbced6a:2:{i:0;s:41:\"5a70ea625015277d5c3da65516347700_username\";i:1;s:5:\"admin\";}'
    'CraftSessionId' => 'ukdsl4jlaopm4lgm2tfr2kmel3'
    '5a70ea625015277d5c3da65516347700_identity' => 'bdab57473a7601846ff3b97ef9443af7848f5375d4b8d39193ed6de1eb62f715a:2:{i:0;s:41:\"5a70ea625015277d5c3da65516347700_identity\";i:1;s:162:\"[1,\"[\\\"Rvqdmpob9nVeODHAW6CZmkij2T_CK4COu62KW2oNvUXNAo7aBRCKtIZti3vp_CJplC1YX_b8zrT2o6qnhx6I-CSCFD7QAR7G--EZ\\\",null,\\\"41770e408d453f0e18b6cf535e220c84\\\"]\",1209600]\";}'
    'CRAFT_CSRF_TOKEN' => '••••••••••••••••••••••••••••••••••••••••••••••••••••••••••••••••••••••••••••••••••••••••••••••••••••••••••••••••••••••••••••••••••••••••••••••••••••••••••••••••••••••••••••••••••••••••••••••••••••••••••••••••••••••••••••••••••••••••••••••••••••••••••••••••••'
    'Craft-ca7cd53e-1b7c-440e-9daa-a4a7a527e905:sidebar' => 'expanded'
    'Craft-ca7cd53e-1b7c-440e-9daa-a4a7a527e905:sidebar-details' => 'expanded'
]

$_SESSION = [
    'a8242a11a2340b611fb4de7fb5462609__flash' => []
    '5a70ea625015277d5c3da65516347700__token' => '••••••••••••••••••••••••••••••••••••••••••••••••••••••••••••••••••••••••••••••••••••••••••••••••••••'
    '5a70ea625015277d5c3da65516347700__id' => 1
    '__authKey' => '••••••••••••••••••••••••••••••••••••••••••••••••••••••••••••••••••••••••••••••••••••••••••••••••••••••••••••••••••••••••••••••••••••••••••••••••'
    '5a70ea625015277d5c3da65516347700__expire' => 1740777689
    '__duration' => 1209600
    '__elevated_timeout' => 1739568319
    'a8242a11a2340b611fb4de7fb5462609__auth_access' => [
        0 => 'editStructure:13'
        1 => 'editStructure:17'
        2 => 'seomaticPreviewAuthorizationKey1989'
        3 => 'previewElement:1989'
        4 => 'manageNestedElements::1989::field:address'
        5 => 'manageNestedElements::1989::field:features'
        6 => 'saveAssets:0524ce74-5809-4227-9995-c07e31fcd67f'
        7 => 'saveAssets:ebc5822f-5362-4f1c-a6b8-37a17ea08cf0'
    ]
]

$_SERVER = [
    'USER' => 'ngrsnrwarf'
    'HOME' => '/home/1321557.cloudwaysapps.com/ngrsnrwarf'
    'SCRIPT_NAME' => '/index.php'
    'REQUEST_URI' => '/index.php?p=admin%2Factions%2Fqueue%2Frun&v=1739568089517'
    'QUERY_STRING' => 'p=admin%2Factions%2Fqueue%2Frun&v=1739568089517'
    'REQUEST_METHOD' => 'POST'
    'SERVER_PROTOCOL' => 'HTTP/1.1'
    'GATEWAY_INTERFACE' => 'CGI/1.1'
    'REMOTE_PORT' => '21536'
    'SCRIPT_FILENAME' => '/home/1321557.cloudwaysapps.com/ngrsnrwarf/public_html/web/index.php'
    'SERVER_ADMIN' => '[no address given]'
    'CONTEXT_DOCUMENT_ROOT' => '/home/1321557.cloudwaysapps.com/ngrsnrwarf/public_html/web/'
    'CONTEXT_PREFIX' => ''
    'REQUEST_SCHEME' => 'http'
    'DOCUMENT_ROOT' => '/home/1321557.cloudwaysapps.com/ngrsnrwarf/public_html/web/'
    'REMOTE_ADDR' => '170.249.132.250'
    'SERVER_PORT' => '80'
    'SERVER_ADDR' => '127.0.0.1'
    'SERVER_NAME' => 'phpstack-1321557-5103849.cloudwaysapps.com'
    'SERVER_SOFTWARE' => 'Apache/2.4.62 (Debian)'
    'SERVER_SIGNATURE' => '<address>Apache/2.4.62 (Debian) Server at phpstack-1321557-5103849.cloudwaysapps.com Port 80</address>
'
    'PATH' => '/usr/local/sbin:/usr/local/bin:/usr/sbin:/usr/bin:/sbin:/bin'
    'HTTP_X_VARNISH' => '805784'
    'HTTP_X_FORWARDED_FOR' => '170.249.132.250'
    'HTTP_COOKIE' => '5a70ea625015277d5c3da65516347700_username=32d20cce79116cb039564d6483c9bc0f36b4416433cf9f8bfff49403d4dbced6a%3A2%3A%7Bi%3A0%3Bs%3A41%3A%225a70ea625015277d5c3da65516347700_username%22%3Bi%3A1%3Bs%3A5%3A%22admin%22%3B%7D; CraftSessionId=ukdsl4jlaopm4lgm2tfr2kmel3; 5a70ea625015277d5c3da65516347700_identity=bdab57473a7601846ff3b97ef9443af7848f5375d4b8d39193ed6de1eb62f715a%3A2%3A%7Bi%3A0%3Bs%3A41%3A%225a70ea625015277d5c3da65516347700_identity%22%3Bi%3A1%3Bs%3A162%3A%22%5B1%2C%22%5B%5C%22Rvqdmpob9nVeODHAW6CZmkij2T_CK4COu62KW2oNvUXNAo7aBRCKtIZti3vp_CJplC1YX_b8zrT2o6qnhx6I-CSCFD7QAR7G--EZ%5C%22%2Cnull%2C%5C%2241770e408d453f0e18b6cf535e220c84%5C%22%5D%22%2C1209600%5D%22%3B%7D; CRAFT_CSRF_TOKEN=4d124de19335971079bd333d9a7533c4c39410d55c349bd203397663652197d6a%3A2%3A%7Bi%3A0%3Bs%3A16%3A%22CRAFT_CSRF_TOKEN%22%3Bi%3A1%3Bs%3A147%3A%22oILK09yQ6r2qQazH7AyWyflvMwQHK1fgdQGK94lB%7Cf0c9e1010ec7048d678c9b928f3aa6f0fd30214a28d0126fee8c59b6e0dae41eoILK09yQ6r2qQazH7AyWyflvMwQHK1fgdQGK94lB%7C1%22%3B%7D; Craft-ca7cd53e-1b7c-440e-9daa-a4a7a527e905:sidebar=expanded; Craft-ca7cd53e-1b7c-440e-9daa-a4a7a527e905:sidebar-details=expanded'
    'HTTP_PRIORITY' => 'u=1, i'
    'HTTP_ACCEPT_LANGUAGE' => 'en-US,en;q=0.9'
    'HTTP_REFERER' => 'https://phpstack-1321557-5103849.cloudwaysapps.com/admin/entries/huntingLeases/1989-hunting-area-1'
    'HTTP_SEC_FETCH_DEST' => 'empty'
    'HTTP_SEC_FETCH_MODE' => 'cors'
    'HTTP_SEC_FETCH_SITE' => 'same-origin'
    'HTTP_ORIGIN' => 'https://phpstack-1321557-5103849.cloudwaysapps.com'
    'HTTP_USER_AGENT' => 'Mozilla/5.0 (Windows NT 10.0; Win64; x64) AppleWebKit/537.36 (KHTML, like Gecko) Chrome/132.0.0.0 Safari/537.36'
    'HTTP_ACCEPT' => 'application/json, text/plain, */*'
    'HTTP_X_REGISTERED_ASSET_BUNDLES' => '815d39ea,7b7669ac,22e517a2,aee7f8dc,e505ffd6,6b4d7555,bb2f10a0,e5e48399,fc0bc163,1ccab40d,1e21896b,54698ee0,b842675b,1c3c9add,4b1fd285,d8d08e47,8f00ce04,8768f48b,cf3018d6,e7c1329,15a36a51,841995d6,eccadbb,5bcea07e,be6e4c69'
    'HTTP_X_REQUESTED_WITH' => 'XMLHttpRequest'
    'HTTP_SEC_CH_UA_MOBILE' => '?0'
    'HTTP_SEC_CH_UA' => '\"Not A(Brand\";v=\"8\", \"Chromium\";v=\"132\", \"Google Chrome\";v=\"132\"'
    'HTTP_X_REGISTERED_JS_FILES' => ''
    'HTTP_X_CSRF_TOKEN' => '••••••••••••••••••••••••••••••••••••••••••••••••••••••••••••••••••••••••••••••••••••••••••••••••••••••••••••••••••••••••••••••••••••••••••••••••••••••••••••••••••••••••••••••••••••••••••••••••••••••••••••••••••••••••••••••••••••••••••••••••••••••••••••••••••••••••••••••••••••••••••••••••••••••••••••••••••••••••••••••••••••••••••••••••••••••••••••••••••••••••••••••••••••••••••••••••••••••••'
    'HTTP_SEC_CH_UA_PLATFORM' => '\"Windows\"'
    'CONTENT_LENGTH' => '0'
    'HTTP_X_VERSION' => '81'
    'HTTP_X_APP_USER' => 'ngrsnrwarf'
    'HTTP_X_APPLICATION' => 'phpstack'
    'HTTP_X_FORWARDED_HOST' => 'phpstack-1321557-5103849.cloudwaysapps.com'
    'HTTP_X_FORWARDED_PROTO' => 'https'
    'HTTP_HOST' => 'phpstack-1321557-5103849.cloudwaysapps.com'
    'HTTP_X_REAL_IP' => '170.249.132.250'
    'IMUNIFY360_WEAKPASS_REDIRECT_URL' => 'appsecurity.cloudwaysapps.com/'
    'IMUNIFY360_COMPROMISED_REDIRECT_URL' => 'appsecurity.cloudwaysapps.com/'
    'SCRIPT_URI' => 'http://phpstack-1321557-5103849.cloudwaysapps.com/index.php'
    'SCRIPT_URL' => '/index.php'
    'HTTP_AUTHORIZATION' => ''
    'HTTPS' => 'on'
    'cw_allowed_ip' => '0'
    'UNIQUE_ID' => 'Z6-z2bPqgpW8Nl_HUnzPRQAADaU'
    'FCGI_ROLE' => 'RESPONDER'
    'PHP_SELF' => '/index.php'
    'REQUEST_TIME_FLOAT' => 1739568089.5509
    'REQUEST_TIME' => 1739568089
    'CRAFT_APP_ID' => 'CraftCMS--2ca79e68-bc75-4adc-80d5-7560ec41478e'
    'CRAFT_ENVIRONMENT' => 'dev'
    'CRAFT_DB_DRIVER' => 'mysql'
    'CRAFT_DB_SERVER' => '137.184.15.251'
    'CRAFT_DB_PORT' => '3306'
    'CRAFT_DB_DATABASE' => 'ngrsnrwarf'
    'CRAFT_DB_USER' => 'ngrsnrwarf'
    'CRAFT_DB_PASSWORD' => '••••••••••'
    'CRAFT_DB_SCHEMA' => ''
    'CRAFT_DB_TABLE_PREFIX' => ''
    'CRAFT_SECURITY_KEY' => '••••••••••••••••••••••••••••••••'
    'CRAFT_DEV_MODE' => 'true'
    'CRAFT_ALLOW_ADMIN_CHANGES' => 'true'
    'CRAFT_DISALLOW_ROBOTS' => 'true'
    'PRIMARY_SITE_URL' => 'https://phpstack-1321557-5103849.cloudwaysapps.com/'
] {"environment":"dev","userId":1} 
2025-02-14 14:26:57 [queue.INFO] [yii\db\Connection::open] Opening DB connection: mysql:host=137.184.15.251;dbname=ngrsnrwarf;port=3306 {"memory":805248} 
2025-02-14 14:26:57 [queue.INFO] [yii\web\Session::open] Session started {"memory":2001736} 
2025-02-14 14:26:57 [queue.INFO] [nystudio107\codeeditor\CodeEditor::bootstrap] CodeEditor module bootstrapped {"memory":2042488} 
2025-02-14 14:26:57 [queue.INFO] [nystudio107\seomatic\Seomatic::init] SEOmatic plugin loaded {"memory":2647136} 
2025-02-14 14:26:57 [queue.INFO] [yii\db\Connection::open] Opening DB connection: mysql:host=137.184.15.251;dbname=ngrsnrwarf;port=3306 {"memory":3112608} 
2025-02-14 14:26:57 [queue.INFO] [craft\queue\QueueLogBehavior::beforeExec]  [4887] t9n:["app","Updating search indexes"] (attempt: 1, pid: 1685831) - Started {"memory":3171848} 
2025-02-14 14:26:57 [queue.INFO] [craft\queue\QueueLogBehavior::afterExec]  [4887] t9n:["app","Updating search indexes"] (attempt: 1, pid: 1685831) - Done (time: 0.040s) {"memory":4918280} 
2025-02-14 14:26:57 [queue.INFO] [craft\queue\QueueLogBehavior::beforeExec]  [4888] t9n:["app","Updating search indexes"] (attempt: 1, pid: 1685831) - Started {"memory":4926264} 
2025-02-14 14:26:57 [queue.INFO] [craft\queue\QueueLogBehavior::afterExec]  [4888] t9n:["app","Updating search indexes"] (attempt: 1, pid: 1685831) - Done (time: 0.001s) {"memory":4972344} 
2025-02-14 14:26:57 [queue.INFO] [craft\queue\QueueLogBehavior::beforeExec]  [4889] t9n:["app","Updating search indexes"] (attempt: 1, pid: 1685831) - Started {"memory":4980328} 
2025-02-14 14:26:57 [queue.INFO] [craft\queue\QueueLogBehavior::afterExec]  [4889] t9n:["app","Updating search indexes"] (attempt: 1, pid: 1685831) - Done (time: 0.004s) {"memory":5036960} 
2025-02-14 14:26:57 [queue.INFO] [craft\queue\QueueLogBehavior::beforeExec]  [4890] t9n:["app","Updating search indexes"] (attempt: 1, pid: 1685831) - Started {"memory":5044944} 
2025-02-14 14:26:57 [queue.INFO] [craft\queue\QueueLogBehavior::afterExec]  [4890] t9n:["app","Updating search indexes"] (attempt: 1, pid: 1685831) - Done (time: 0.001s) {"memory":5076000} 
2025-02-14 14:26:57 [queue.INFO] [craft\queue\QueueLogBehavior::beforeExec]  [4891] t9n:["app","Updating search indexes"] (attempt: 1, pid: 1685831) - Started {"memory":5088400} 
2025-02-14 14:26:57 [queue.INFO] [craft\queue\QueueLogBehavior::afterExec]  [4891] t9n:["app","Updating search indexes"] (attempt: 1, pid: 1685831) - Done (time: 0.001s) {"memory":5119456} 
2025-02-14 14:26:57 [queue.INFO] [craft\queue\QueueLogBehavior::beforeExec]  [4892] t9n:["app","Updating search indexes"] (attempt: 1, pid: 1685831) - Started {"memory":5127440} 
2025-02-14 14:26:57 [queue.INFO] [craft\queue\QueueLogBehavior::afterExec]  [4892] t9n:["app","Updating search indexes"] (attempt: 1, pid: 1685831) - Done (time: 0.001s) {"memory":5158496} 
2025-02-14 14:26:57 [queue.INFO] [craft\queue\QueueLogBehavior::beforeExec]  [4893] t9n:["app","Updating search indexes"] (attempt: 1, pid: 1685831) - Started {"memory":5166480} 
2025-02-14 14:26:57 [queue.INFO] [craft\queue\QueueLogBehavior::afterExec]  [4893] t9n:["app","Updating search indexes"] (attempt: 1, pid: 1685831) - Done (time: 0.001s) {"memory":5197536} 
2025-02-14 14:26:57 [queue.INFO] [craft\queue\QueueLogBehavior::beforeExec]  [4894] t9n:["app","Updating search indexes"] (attempt: 1, pid: 1685831) - Started {"memory":5205520} 
2025-02-14 14:26:57 [queue.INFO] [craft\queue\QueueLogBehavior::afterExec]  [4894] t9n:["app","Updating search indexes"] (attempt: 1, pid: 1685831) - Done (time: 0.001s) {"memory":5236576} 
2025-02-14 14:26:57 [queue.INFO] [craft\queue\QueueLogBehavior::beforeExec]  [4895] t9n:["app","Updating search indexes"] (attempt: 1, pid: 1685831) - Started {"memory":5244560} 
2025-02-14 14:26:57 [queue.INFO] [craft\queue\QueueLogBehavior::afterExec]  [4895] t9n:["app","Updating search indexes"] (attempt: 1, pid: 1685831) - Done (time: 0.003s) {"memory":5275616} 
2025-02-14 14:26:57 [queue.INFO] [craft\queue\QueueLogBehavior::beforeExec]  [4896] t9n:["app","Updating search indexes"] (attempt: 1, pid: 1685831) - Started {"memory":5283600} 
2025-02-14 14:26:57 [queue.INFO] [craft\queue\QueueLogBehavior::afterExec]  [4896] t9n:["app","Updating search indexes"] (attempt: 1, pid: 1685831) - Done (time: 0.001s) {"memory":5314656} 
2025-02-14 14:26:57 [queue.INFO] [craft\queue\QueueLogBehavior::beforeExec]  [4897] t9n:["app","Updating search indexes"] (attempt: 1, pid: 1685831) - Started {"memory":5322640} 
2025-02-14 14:26:57 [queue.INFO] [craft\queue\QueueLogBehavior::afterExec]  [4897] t9n:["app","Updating search indexes"] (attempt: 1, pid: 1685831) - Done (time: 0.001s) {"memory":5353696} 
2025-02-14 14:26:57 [queue.INFO] [craft\queue\QueueLogBehavior::beforeExec]  [4898] t9n:["app","Updating search indexes"] (attempt: 1, pid: 1685831) - Started {"memory":5361680} 
2025-02-14 14:26:57 [queue.INFO] [craft\queue\QueueLogBehavior::afterExec]  [4898] t9n:["app","Updating search indexes"] (attempt: 1, pid: 1685831) - Done (time: 0.001s) {"memory":5392736} 
2025-02-14 14:26:57 [queue.INFO] [craft\queue\QueueLogBehavior::beforeExec]  [4899] t9n:["app","Updating search indexes"] (attempt: 1, pid: 1685831) - Started {"memory":5400720} 
2025-02-14 14:26:57 [queue.INFO] [craft\queue\QueueLogBehavior::afterExec]  [4899] t9n:["app","Updating search indexes"] (attempt: 1, pid: 1685831) - Done (time: 0.001s) {"memory":5431776} 
2025-02-14 14:26:57 [queue.INFO] [craft\queue\QueueLogBehavior::beforeExec]  [4900] t9n:["app","Updating search indexes"] (attempt: 1, pid: 1685831) - Started {"memory":5439760} 
2025-02-14 14:26:57 [queue.INFO] [craft\queue\QueueLogBehavior::afterExec]  [4900] t9n:["app","Updating search indexes"] (attempt: 1, pid: 1685831) - Done (time: 0.001s) {"memory":5470816} 
2025-02-14 14:26:57 [queue.INFO] [craft\queue\QueueLogBehavior::beforeExec]  [4901] t9n:["app","Updating search indexes"] (attempt: 1, pid: 1685831) - Started {"memory":5486992} 
2025-02-14 14:26:57 [queue.INFO] [craft\queue\QueueLogBehavior::afterExec]  [4901] t9n:["app","Updating search indexes"] (attempt: 1, pid: 1685831) - Done (time: 0.002s) {"memory":5518048} 
2025-02-14 14:26:57 [queue.INFO] [craft\queue\QueueLogBehavior::beforeExec]  [4902] t9n:["app","Updating search indexes"] (attempt: 1, pid: 1685831) - Started {"memory":5526032} 
2025-02-14 14:26:57 [queue.INFO] [craft\queue\QueueLogBehavior::afterExec]  [4902] t9n:["app","Updating search indexes"] (attempt: 1, pid: 1685831) - Done (time: 0.001s) {"memory":5557088} 
2025-02-14 14:26:57 [queue.INFO] [craft\queue\QueueLogBehavior::beforeExec]  [4903] t9n:["app","Updating search indexes"] (attempt: 1, pid: 1685831) - Started {"memory":5565072} 
2025-02-14 14:26:57 [queue.INFO] [craft\queue\QueueLogBehavior::afterExec]  [4903] t9n:["app","Updating search indexes"] (attempt: 1, pid: 1685831) - Done (time: 0.001s) {"memory":5596128} 
2025-02-14 14:26:57 [queue.INFO] [craft\queue\QueueLogBehavior::beforeExec]  [4904] t9n:["app","Updating search indexes"] (attempt: 1, pid: 1685831) - Started {"memory":5604112} 
2025-02-14 14:26:57 [queue.INFO] [craft\queue\QueueLogBehavior::afterExec]  [4904] t9n:["app","Updating search indexes"] (attempt: 1, pid: 1685831) - Done (time: 0.001s) {"memory":5635168} 
2025-02-14 14:26:57 [queue.INFO] [craft\queue\QueueLogBehavior::beforeExec]  [4905] t9n:["app","Updating search indexes"] (attempt: 1, pid: 1685831) - Started {"memory":5643152} 
2025-02-14 14:26:57 [queue.INFO] [craft\queue\QueueLogBehavior::afterExec]  [4905] t9n:["app","Updating search indexes"] (attempt: 1, pid: 1685831) - Done (time: 0.001s) {"memory":5674208} 
2025-02-14 14:26:57 [queue.INFO] [craft\queue\QueueLogBehavior::beforeExec]  [4906] t9n:["app","Updating search indexes"] (attempt: 1, pid: 1685831) - Started {"memory":5682192} 
2025-02-14 14:26:57 [queue.INFO] [craft\queue\QueueLogBehavior::afterExec]  [4906] t9n:["app","Updating search indexes"] (attempt: 1, pid: 1685831) - Done (time: 0.001s) {"memory":5713248} 
2025-02-14 14:26:57 [queue.INFO] [craft\queue\QueueLogBehavior::beforeExec]  [4907] t9n:["app","Updating search indexes"] (attempt: 1, pid: 1685831) - Started {"memory":5721232} 
2025-02-14 14:26:57 [queue.INFO] [craft\queue\QueueLogBehavior::afterExec]  [4907] t9n:["app","Updating search indexes"] (attempt: 1, pid: 1685831) - Done (time: 0.011s) {"memory":5966272} 
2025-02-14 14:26:57 [queue.INFO] [craft\queue\QueueLogBehavior::beforeExec]  [4908] t9n:["app","Updating search indexes"] (attempt: 1, pid: 1685831) - Started {"memory":5974256} 
2025-02-14 14:26:57 [queue.INFO] [craft\queue\QueueLogBehavior::afterExec]  [4908] t9n:["app","Updating search indexes"] (attempt: 1, pid: 1685831) - Done (time: 0.016s) {"memory":6048672} 
2025-02-14 14:26:57 [queue.INFO] [craft\queue\QueueLogBehavior::beforeExec]  [4909] t9n:["app","Pruning extra revisions"] (attempt: 1, pid: 1685831) - Started {"memory":6064712} 
2025-02-14 14:26:57 [queue.INFO] [craft\queue\QueueLogBehavior::afterExec]  [4909] t9n:["app","Pruning extra revisions"] (attempt: 1, pid: 1685831) - Done (time: 0.002s) {"memory":6096256} 
2025-02-14 14:26:57 [queue.INFO] [craft\queue\QueueLogBehavior::beforeExec]  [4910] t9n:["app","Pruning extra revisions"] (attempt: 1, pid: 1685831) - Started {"memory":6104240} 
2025-02-14 14:26:57 [queue.INFO] [craft\queue\QueueLogBehavior::afterExec]  [4910] t9n:["app","Pruning extra revisions"] (attempt: 1, pid: 1685831) - Done (time: 0.003s) {"memory":6145848} 
2025-02-14 14:26:57 [queue.INFO] [application] Request context:
$_GET = [
    'p' => 'admin/actions/queue/run'
    'v' => '1739568416577'
]

$_POST = []

$_FILES = []

$_COOKIE = [
    '5a70ea625015277d5c3da65516347700_username' => '32d20cce79116cb039564d6483c9bc0f36b4416433cf9f8bfff49403d4dbced6a:2:{i:0;s:41:\"5a70ea625015277d5c3da65516347700_username\";i:1;s:5:\"admin\";}'
    'CraftSessionId' => 'ukdsl4jlaopm4lgm2tfr2kmel3'
    '5a70ea625015277d5c3da65516347700_identity' => 'bdab57473a7601846ff3b97ef9443af7848f5375d4b8d39193ed6de1eb62f715a:2:{i:0;s:41:\"5a70ea625015277d5c3da65516347700_identity\";i:1;s:162:\"[1,\"[\\\"Rvqdmpob9nVeODHAW6CZmkij2T_CK4COu62KW2oNvUXNAo7aBRCKtIZti3vp_CJplC1YX_b8zrT2o6qnhx6I-CSCFD7QAR7G--EZ\\\",null,\\\"41770e408d453f0e18b6cf535e220c84\\\"]\",1209600]\";}'
    'CRAFT_CSRF_TOKEN' => '••••••••••••••••••••••••••••••••••••••••••••••••••••••••••••••••••••••••••••••••••••••••••••••••••••••••••••••••••••••••••••••••••••••••••••••••••••••••••••••••••••••••••••••••••••••••••••••••••••••••••••••••••••••••••••••••••••••••••••••••••••••••••••••••••'
    'Craft-ca7cd53e-1b7c-440e-9daa-a4a7a527e905:sidebar' => 'expanded'
    'Craft-ca7cd53e-1b7c-440e-9daa-a4a7a527e905:sidebar-details' => 'expanded'
]

$_SESSION = [
    'a8242a11a2340b611fb4de7fb5462609__flash' => []
    '5a70ea625015277d5c3da65516347700__token' => '••••••••••••••••••••••••••••••••••••••••••••••••••••••••••••••••••••••••••••••••••••••••••••••••••••'
    '5a70ea625015277d5c3da65516347700__id' => 1
    '__authKey' => '••••••••••••••••••••••••••••••••••••••••••••••••••••••••••••••••••••••••••••••••••••••••••••••••••••••••••••••••••••••••••••••••••••••••••••••••'
    '5a70ea625015277d5c3da65516347700__expire' => 1740778016
    '__duration' => 1209600
    '__elevated_timeout' => 1739568319
    'a8242a11a2340b611fb4de7fb5462609__auth_access' => [
        0 => 'editStructure:13'
        1 => 'editStructure:17'
        2 => 'seomaticPreviewAuthorizationKey1989'
        3 => 'previewElement:1989'
        4 => 'manageNestedElements::1989::field:address'
        5 => 'manageNestedElements::1989::field:features'
        6 => 'saveAssets:0524ce74-5809-4227-9995-c07e31fcd67f'
        7 => 'saveAssets:ebc5822f-5362-4f1c-a6b8-37a17ea08cf0'
        8 => 'seomaticPreviewAuthorizationKey2062'
        9 => 'previewDraft:780'
        10 => 'previewDraft:781'
        11 => 'previewDraft:782'
    ]
]

$_SERVER = [
    'USER' => 'ngrsnrwarf'
    'HOME' => '/home/1321557.cloudwaysapps.com/ngrsnrwarf'
    'SCRIPT_NAME' => '/index.php'
    'REQUEST_URI' => '/index.php?p=admin%2Factions%2Fqueue%2Frun&v=1739568416577'
    'QUERY_STRING' => 'p=admin%2Factions%2Fqueue%2Frun&v=1739568416577'
    'REQUEST_METHOD' => 'POST'
    'SERVER_PROTOCOL' => 'HTTP/1.1'
    'GATEWAY_INTERFACE' => 'CGI/1.1'
    'REMOTE_PORT' => '55750'
    'SCRIPT_FILENAME' => '/home/1321557.cloudwaysapps.com/ngrsnrwarf/public_html/web/index.php'
    'SERVER_ADMIN' => '[no address given]'
    'CONTEXT_DOCUMENT_ROOT' => '/home/1321557.cloudwaysapps.com/ngrsnrwarf/public_html/web/'
    'CONTEXT_PREFIX' => ''
    'REQUEST_SCHEME' => 'http'
    'DOCUMENT_ROOT' => '/home/1321557.cloudwaysapps.com/ngrsnrwarf/public_html/web/'
    'REMOTE_ADDR' => '170.249.132.250'
    'SERVER_PORT' => '80'
    'SERVER_ADDR' => '127.0.0.1'
    'SERVER_NAME' => 'phpstack-1321557-5103849.cloudwaysapps.com'
    'SERVER_SOFTWARE' => 'Apache/2.4.62 (Debian)'
    'SERVER_SIGNATURE' => '<address>Apache/2.4.62 (Debian) Server at phpstack-1321557-5103849.cloudwaysapps.com Port 80</address>
'
    'PATH' => '/usr/local/sbin:/usr/local/bin:/usr/sbin:/usr/bin:/sbin:/bin'
    'HTTP_X_VARNISH' => '630384'
    'HTTP_X_FORWARDED_FOR' => '170.249.132.250'
    'HTTP_COOKIE' => '5a70ea625015277d5c3da65516347700_username=32d20cce79116cb039564d6483c9bc0f36b4416433cf9f8bfff49403d4dbced6a%3A2%3A%7Bi%3A0%3Bs%3A41%3A%225a70ea625015277d5c3da65516347700_username%22%3Bi%3A1%3Bs%3A5%3A%22admin%22%3B%7D; CraftSessionId=ukdsl4jlaopm4lgm2tfr2kmel3; 5a70ea625015277d5c3da65516347700_identity=bdab57473a7601846ff3b97ef9443af7848f5375d4b8d39193ed6de1eb62f715a%3A2%3A%7Bi%3A0%3Bs%3A41%3A%225a70ea625015277d5c3da65516347700_identity%22%3Bi%3A1%3Bs%3A162%3A%22%5B1%2C%22%5B%5C%22Rvqdmpob9nVeODHAW6CZmkij2T_CK4COu62KW2oNvUXNAo7aBRCKtIZti3vp_CJplC1YX_b8zrT2o6qnhx6I-CSCFD7QAR7G--EZ%5C%22%2Cnull%2C%5C%2241770e408d453f0e18b6cf535e220c84%5C%22%5D%22%2C1209600%5D%22%3B%7D; CRAFT_CSRF_TOKEN=4d124de19335971079bd333d9a7533c4c39410d55c349bd203397663652197d6a%3A2%3A%7Bi%3A0%3Bs%3A16%3A%22CRAFT_CSRF_TOKEN%22%3Bi%3A1%3Bs%3A147%3A%22oILK09yQ6r2qQazH7AyWyflvMwQHK1fgdQGK94lB%7Cf0c9e1010ec7048d678c9b928f3aa6f0fd30214a28d0126fee8c59b6e0dae41eoILK09yQ6r2qQazH7AyWyflvMwQHK1fgdQGK94lB%7C1%22%3B%7D; Craft-ca7cd53e-1b7c-440e-9daa-a4a7a527e905:sidebar=expanded; Craft-ca7cd53e-1b7c-440e-9daa-a4a7a527e905:sidebar-details=expanded'
    'HTTP_PRIORITY' => 'u=1, i'
    'HTTP_ACCEPT_LANGUAGE' => 'en-US,en;q=0.9'
    'HTTP_REFERER' => 'https://phpstack-1321557-5103849.cloudwaysapps.com/admin/entries/huntingLeases?source=section%3Abfa64972-7662-4085-af34-bd1d5a310bbf'
    'HTTP_SEC_FETCH_DEST' => 'empty'
    'HTTP_SEC_FETCH_MODE' => 'cors'
    'HTTP_SEC_FETCH_SITE' => 'same-origin'
    'HTTP_ORIGIN' => 'https://phpstack-1321557-5103849.cloudwaysapps.com'
    'HTTP_USER_AGENT' => 'Mozilla/5.0 (Windows NT 10.0; Win64; x64) AppleWebKit/537.36 (KHTML, like Gecko) Chrome/132.0.0.0 Safari/537.36'
    'HTTP_ACCEPT' => 'application/json, text/plain, */*'
    'HTTP_X_REGISTERED_ASSET_BUNDLES' => '22e517a2,aee7f8dc,e505ffd6,6b4d7555,bb2f10a0,e5e48399,815d39ea,fc0bc163,1ccab40d,1e21896b,54698ee0,b842675b,1c3c9add,4b1fd285,d8d08e47,8f00ce04,8768f48b,cf3018d6'
    'HTTP_X_REQUESTED_WITH' => 'XMLHttpRequest'
    'HTTP_SEC_CH_UA_MOBILE' => '?0'
    'HTTP_SEC_CH_UA' => '\"Not A(Brand\";v=\"8\", \"Chromium\";v=\"132\", \"Google Chrome\";v=\"132\"'
    'HTTP_X_REGISTERED_JS_FILES' => ''
    'HTTP_X_CSRF_TOKEN' => '••••••••••••••••••••••••••••••••••••••••••••••••••••••••••••••••••••••••••••••••••••••••••••••••••••••••••••••••••••••••••••••••••••••••••••••••••••••••••••••••••••••••••••••••••••••••••••••••••••••••••••••••••••••••••••••••••••••••••••••••••••••••••••••••••••••••••••••••••••••••••••••••••••••••••••••••••••••••••••••••••••••••••••••••••••••••••••••••••••••••••••••••••••••••••••••••••••••••'
    'HTTP_SEC_CH_UA_PLATFORM' => '\"Windows\"'
    'CONTENT_LENGTH' => '0'
    'HTTP_X_VERSION' => '81'
    'HTTP_X_APP_USER' => 'ngrsnrwarf'
    'HTTP_X_APPLICATION' => 'phpstack'
    'HTTP_X_FORWARDED_HOST' => 'phpstack-1321557-5103849.cloudwaysapps.com'
    'HTTP_X_FORWARDED_PROTO' => 'https'
    'HTTP_HOST' => 'phpstack-1321557-5103849.cloudwaysapps.com'
    'HTTP_X_REAL_IP' => '170.249.132.250'
    'IMUNIFY360_WEAKPASS_REDIRECT_URL' => 'appsecurity.cloudwaysapps.com/'
    'IMUNIFY360_COMPROMISED_REDIRECT_URL' => 'appsecurity.cloudwaysapps.com/'
    'SCRIPT_URI' => 'http://phpstack-1321557-5103849.cloudwaysapps.com/index.php'
    'SCRIPT_URL' => '/index.php'
    'HTTP_AUTHORIZATION' => ''
    'HTTPS' => 'on'
    'cw_allowed_ip' => '0'
    'UNIQUE_ID' => 'Z6-1IB3t-n7HV-ZBcxHXVAAADlw'
    'FCGI_ROLE' => 'RESPONDER'
    'PHP_SELF' => '/index.php'
    'REQUEST_TIME_FLOAT' => 1739568416.7617
    'REQUEST_TIME' => 1739568416
    'CRAFT_APP_ID' => 'CraftCMS--2ca79e68-bc75-4adc-80d5-7560ec41478e'
    'CRAFT_ENVIRONMENT' => 'dev'
    'CRAFT_DB_DRIVER' => 'mysql'
    'CRAFT_DB_SERVER' => '137.184.15.251'
    'CRAFT_DB_PORT' => '3306'
    'CRAFT_DB_DATABASE' => 'ngrsnrwarf'
    'CRAFT_DB_USER' => 'ngrsnrwarf'
    'CRAFT_DB_PASSWORD' => '••••••••••'
    'CRAFT_DB_SCHEMA' => ''
    'CRAFT_DB_TABLE_PREFIX' => ''
    'CRAFT_SECURITY_KEY' => '••••••••••••••••••••••••••••••••'
    'CRAFT_DEV_MODE' => 'true'
    'CRAFT_ALLOW_ADMIN_CHANGES' => 'true'
    'CRAFT_DISALLOW_ROBOTS' => 'true'
    'PRIMARY_SITE_URL' => 'https://phpstack-1321557-5103849.cloudwaysapps.com/'
] {"environment":"dev","userId":1} 
