2025-02-24 15:39:50 [queue.INFO] [yii\db\Connection::open] Opening DB connection: mysql:host=137.184.15.251;dbname=ngrsnrwarf;port=3306 {"memory":805336} 
2025-02-24 15:39:50 [queue.INFO] [yii\web\Session::open] Session started {"memory":2002360} 
2025-02-24 15:39:50 [queue.INFO] [nystudio107\codeeditor\CodeEditor::bootstrap] CodeEditor module bootstrapped {"memory":2043112} 
2025-02-24 15:39:50 [queue.INFO] [nystudio107\seomatic\Seomatic::init] SEOmatic plugin loaded {"memory":2647760} 
2025-02-24 15:39:50 [queue.INFO] [yii\db\Connection::open] Opening DB connection: mysql:host=137.184.15.251;dbname=ngrsnrwarf;port=3306 {"memory":3113248} 
2025-02-24 15:39:50 [queue.INFO] [craft\queue\QueueLogBehavior::beforeExec]  [5099] t9n:["app","Updating search indexes"] (attempt: 1, pid: 3600637) - Started {"memory":3172488} 
2025-02-24 15:39:50 [queue.INFO] [craft\queue\QueueLogBehavior::afterExec]  [5099] t9n:["app","Updating search indexes"] (attempt: 1, pid: 3600637) - Done (time: 0.052s) {"memory":5135312} 
2025-02-24 15:39:50 [queue.INFO] [craft\queue\QueueLogBehavior::beforeExec]  [5100] t9n:["app","Updating search indexes"] (attempt: 1, pid: 3600637) - Started {"memory":5143296} 
2025-02-24 15:39:50 [queue.INFO] [craft\queue\QueueLogBehavior::afterExec]  [5100] t9n:["app","Updating search indexes"] (attempt: 1, pid: 3600637) - Done (time: 0.006s) {"memory":5206272} 
2025-02-24 15:39:50 [queue.INFO] [application] Request context:
$_GET = [
    'p' => 'admin/actions/queue/run'
    'v' => '1740436790417'
]

$_POST = []

$_FILES = []

$_COOKIE = [
    '5a70ea625015277d5c3da65516347700_username' => '32d20cce79116cb039564d6483c9bc0f36b4416433cf9f8bfff49403d4dbced6a:2:{i:0;s:41:\"5a70ea625015277d5c3da65516347700_username\";i:1;s:5:\"admin\";}'
    '__stripe_mid' => '4bf37d55-147d-4c49-8520-8862af82040c9911bb'
    'CraftSessionId' => 's4uf18lre1mhu2udp6qlum60bn'
    '5a70ea625015277d5c3da65516347700_identity' => 'd741769655852308bf955c7548f417b962a2394a08b2cfe6dad14d29a44814c1a:2:{i:0;s:41:\"5a70ea625015277d5c3da65516347700_identity\";i:1;s:159:\"[1,\"[\\\"LKL53ip3xXX5_JIUy7ukz7uPlv_ZXBZRul6fnuUs3ZKHWPwbLrwp3IC94zoBv-wU7YnffczuqH68kUlAOKLxcoX0pVV4dPjHxQjQ\\\",null,\\\"b801d494f122793b0612636bfa234b9c\\\"]\",3600]\";}'
    'CRAFT_CSRF_TOKEN' => '••••••••••••••••••••••••••••••••••••••••••••••••••••••••••••••••••••••••••••••••••••••••••••••••••••••••••••••••••••••••••••••••••••••••••••••••••••••••••••••••••••••••••••••••••••••••••••••••••••••••••••••••••••••••••••••••••••••••••••••••••••••••••••••••••'
    'Craft-ca7cd53e-1b7c-440e-9daa-a4a7a527e905:sidebar' => 'expanded'
    'Craft-ca7cd53e-1b7c-440e-9daa-a4a7a527e905:sidebar-details' => 'expanded'
]

$_SESSION = [
    'a8242a11a2340b611fb4de7fb5462609__flash' => []
    '__JSCHK_3181' => '67bcf26ad6b072.72513434'
    '5a70ea625015277d5c3da65516347700__token' => '••••••••••••••••••••••••••••••••••••••••••••••••••••••••••••••••••••••••••••••••••••••••••••••••••••'
    '5a70ea625015277d5c3da65516347700__id' => 1
    '__authKey' => '••••••••••••••••••••••••••••••••••••••••••••••••••••••••••••••••••••••••••••••••••••••••••••••••••••••••••••••••••••••••••••••••••••••••••••••••'
    '5a70ea625015277d5c3da65516347700__expire' => 1740440390
    '__duration' => 3600
    '__elevated_timeout' => 1740436999
    'a8242a11a2340b611fb4de7fb5462609__auth_access' => [
        0 => 'editStructure:15'
        1 => 'seomaticPreviewAuthorizationKey2094'
        2 => 'previewElement:2094'
        3 => 'manageNestedElements::2094::field:address'
        4 => 'manageNestedElements::2094::field:features'
        5 => 'saveAssets:0524ce74-5809-4227-9995-c07e31fcd67f'
        6 => 'saveAssets:ebc5822f-5362-4f1c-a6b8-37a17ea08cf0'
        7 => 'seomaticPreviewAuthorizationKey1973'
        8 => 'previewElement:1973'
        9 => 'manageNestedElements::1973::field:address'
        10 => 'manageNestedElements::1973::field:features'
        11 => 'seomaticPreviewAuthorizationKey2153'
        12 => 'previewDraft:817'
    ]
]

$_SERVER = [
    'USER' => 'ngrsnrwarf'
    'HOME' => '/home/1321557.cloudwaysapps.com/ngrsnrwarf'
    'SCRIPT_NAME' => '/index.php'
    'REQUEST_URI' => '/index.php?p=admin%2Factions%2Fqueue%2Frun&v=1740436790417'
    'QUERY_STRING' => 'p=admin%2Factions%2Fqueue%2Frun&v=1740436790417'
    'REQUEST_METHOD' => 'POST'
    'SERVER_PROTOCOL' => 'HTTP/1.1'
    'GATEWAY_INTERFACE' => 'CGI/1.1'
    'REMOTE_PORT' => '39502'
    'SCRIPT_FILENAME' => '/home/1321557.cloudwaysapps.com/ngrsnrwarf/public_html/web/index.php'
    'SERVER_ADMIN' => '[no address given]'
    'CONTEXT_DOCUMENT_ROOT' => '/home/1321557.cloudwaysapps.com/ngrsnrwarf/public_html/web/'
    'CONTEXT_PREFIX' => ''
    'REQUEST_SCHEME' => 'http'
    'DOCUMENT_ROOT' => '/home/1321557.cloudwaysapps.com/ngrsnrwarf/public_html/web/'
    'REMOTE_ADDR' => '104.178.255.210'
    'SERVER_PORT' => '80'
    'SERVER_ADDR' => '127.0.0.1'
    'SERVER_NAME' => 'phpstack-1321557-5103849.cloudwaysapps.com'
    'SERVER_SOFTWARE' => 'Apache/2.4.62 (Debian)'
    'SERVER_SIGNATURE' => '<address>Apache/2.4.62 (Debian) Server at phpstack-1321557-5103849.cloudwaysapps.com Port 80</address>
'
    'PATH' => '/usr/local/sbin:/usr/local/bin:/usr/sbin:/usr/bin:/sbin:/bin'
    'HTTP_X_VARNISH' => '1049164'
    'HTTP_X_FORWARDED_FOR' => '104.178.255.210'
    'HTTP_COOKIE' => '5a70ea625015277d5c3da65516347700_username=32d20cce79116cb039564d6483c9bc0f36b4416433cf9f8bfff49403d4dbced6a%3A2%3A%7Bi%3A0%3Bs%3A41%3A%225a70ea625015277d5c3da65516347700_username%22%3Bi%3A1%3Bs%3A5%3A%22admin%22%3B%7D; __stripe_mid=4bf37d55-147d-4c49-8520-8862af82040c9911bb; CraftSessionId=s4uf18lre1mhu2udp6qlum60bn; 5a70ea625015277d5c3da65516347700_identity=d741769655852308bf955c7548f417b962a2394a08b2cfe6dad14d29a44814c1a%3A2%3A%7Bi%3A0%3Bs%3A41%3A%225a70ea625015277d5c3da65516347700_identity%22%3Bi%3A1%3Bs%3A159%3A%22%5B1%2C%22%5B%5C%22LKL53ip3xXX5_JIUy7ukz7uPlv_ZXBZRul6fnuUs3ZKHWPwbLrwp3IC94zoBv-wU7YnffczuqH68kUlAOKLxcoX0pVV4dPjHxQjQ%5C%22%2Cnull%2C%5C%22b801d494f122793b0612636bfa234b9c%5C%22%5D%22%2C3600%5D%22%3B%7D; CRAFT_CSRF_TOKEN=7ffd2cb0248c7fba12e322d7a435a7add032dbe4520efbd9c3df85727616f937a%3A2%3A%7Bi%3A0%3Bs%3A16%3A%22CRAFT_CSRF_TOKEN%22%3Bi%3A1%3Bs%3A147%3A%22BjlxJWQhfkiqIx-yU61Oh4erjsXAdcgRt8RLSqvU%7C997f7c31aa00183f88d1d24543c5e5611b3858b757261860610c6ac0dc274bceBjlxJWQhfkiqIx-yU61Oh4erjsXAdcgRt8RLSqvU%7C1%22%3B%7D; Craft-ca7cd53e-1b7c-440e-9daa-a4a7a527e905:sidebar=expanded; Craft-ca7cd53e-1b7c-440e-9daa-a4a7a527e905:sidebar-details=expanded'
    'HTTP_PRIORITY' => 'u=1, i'
    'HTTP_ACCEPT_LANGUAGE' => 'en-US,en;q=0.9'
    'HTTP_REFERER' => 'https://phpstack-1321557-5103849.cloudwaysapps.com/admin/entries/realEstate?source=section%3A252af2fe-e999-4c7a-beb2-9e62353de467'
    'HTTP_SEC_FETCH_DEST' => 'empty'
    'HTTP_SEC_FETCH_MODE' => 'cors'
    'HTTP_SEC_FETCH_SITE' => 'same-origin'
    'HTTP_ORIGIN' => 'https://phpstack-1321557-5103849.cloudwaysapps.com'
    'HTTP_USER_AGENT' => 'Mozilla/5.0 (Macintosh; Intel Mac OS X 10_15_7) AppleWebKit/537.36 (KHTML, like Gecko) Chrome/133.0.0.0 Safari/537.36'
    'HTTP_ACCEPT' => 'application/json, text/plain, */*'
    'HTTP_X_REGISTERED_ASSET_BUNDLES' => '22e517a2,aee7f8dc,e505ffd6,6b4d7555,bb2f10a0,e5e48399,815d39ea,fc0bc163,1ccab40d,1e21896b,54698ee0,b842675b,1c3c9add,4b1fd285,d8d08e47,8f00ce04,8768f48b,cf3018d6'
    'HTTP_X_REQUESTED_WITH' => 'XMLHttpRequest'
    'HTTP_SEC_CH_UA_MOBILE' => '?0'
    'HTTP_SEC_CH_UA' => '\"Not(A:Brand\";v=\"99\", \"Google Chrome\";v=\"133\", \"Chromium\";v=\"133\"'
    'HTTP_X_REGISTERED_JS_FILES' => ''
    'HTTP_X_CSRF_TOKEN' => '••••••••••••••••••••••••••••••••••••••••••••••••••••••••••••••••••••••••••••••••••••••••••••••••••••••••••••••••••••••••••••••••••••••••••••••••••••••••••••••••••••••••••••••••••••••••••••••••••••••••••••••••••••••••••••••••••••••••••••••••••••••••••••••••••••••••••••••••••••••••••••••••••••••••••••••••••••••••••••••••••••••••••••••••••••••••••••••••••••••••••••••••••••••••••••••••••••••••'
    'HTTP_SEC_CH_UA_PLATFORM' => '\"macOS\"'
    'CONTENT_LENGTH' => '0'
    'HTTP_X_VERSION' => '81'
    'HTTP_X_APP_USER' => 'ngrsnrwarf'
    'HTTP_X_APPLICATION' => 'phpstack'
    'HTTP_X_FORWARDED_HOST' => 'phpstack-1321557-5103849.cloudwaysapps.com'
    'HTTP_X_FORWARDED_PROTO' => 'https'
    'HTTP_HOST' => 'phpstack-1321557-5103849.cloudwaysapps.com'
    'HTTP_X_REAL_IP' => '104.178.255.210'
    'IMUNIFY360_WEAKPASS_REDIRECT_URL' => 'appsecurity.cloudwaysapps.com/'
    'IMUNIFY360_COMPROMISED_REDIRECT_URL' => 'appsecurity.cloudwaysapps.com/'
    'SCRIPT_URI' => 'http://phpstack-1321557-5103849.cloudwaysapps.com/index.php'
    'SCRIPT_URL' => '/index.php'
    'HTTP_AUTHORIZATION' => ''
    'HTTPS' => 'on'
    'cw_allowed_ip' => '0'
    'UNIQUE_ID' => 'Z7z1NhdZouyLJnoxFxxPKgAADz0'
    'FCGI_ROLE' => 'RESPONDER'
    'PHP_SELF' => '/index.php'
    'REQUEST_TIME_FLOAT' => 1740436790.6457
    'REQUEST_TIME' => 1740436790
    'CRAFT_APP_ID' => 'CraftCMS--2ca79e68-bc75-4adc-80d5-7560ec41478e'
    'CRAFT_ENVIRONMENT' => 'dev'
    'CRAFT_DB_DRIVER' => 'mysql'
    'CRAFT_DB_SERVER' => '137.184.15.251'
    'CRAFT_DB_PORT' => '3306'
    'CRAFT_DB_DATABASE' => 'ngrsnrwarf'
    'CRAFT_DB_USER' => 'ngrsnrwarf'
    'CRAFT_DB_PASSWORD' => '••••••••••'
    'CRAFT_DB_SCHEMA' => ''
    'CRAFT_DB_TABLE_PREFIX' => ''
    'CRAFT_SECURITY_KEY' => '••••••••••••••••••••••••••••••••'
    'CRAFT_DEV_MODE' => 'true'
    'CRAFT_ALLOW_ADMIN_CHANGES' => 'true'
    'CRAFT_DISALLOW_ROBOTS' => 'true'
    'PRIMARY_SITE_URL' => 'https://phpstack-1321557-5103849.cloudwaysapps.com/'
] {"environment":"dev","userId":1} 
